The system is: Linux - 4.4.0-141-generic - x86_64
Compiling the C compiler identification source file "CMakeCCompilerId.c" succeeded.
Compiler: /usr/bin/cc 
Build flags: 
Id flags:  

The output was:
0


Compilation of the C compiler identification source "CMakeCCompilerId.c" produced "a.out"

The C compiler identification is GNU, found in "/home/user/cbmdir/kfparticlesimple/build/CMakeFiles/3.8.0/CompilerIdC/a.out"

Compiling the CXX compiler identification source file "CMakeCXXCompilerId.cpp" succeeded.
Compiler: /usr/bin/c++ 
Build flags: 
Id flags:  

The output was:
0


Compilation of the CXX compiler identification source "CMakeCXXCompilerId.cpp" produced "a.out"

The CXX compiler identification is GNU, found in "/home/user/cbmdir/kfparticlesimple/build/CMakeFiles/3.8.0/CompilerIdCXX/a.out"

Determining if the C compiler works passed with the following output:
Change Dir: /home/user/cbmdir/kfparticlesimple/build/CMakeFiles/CMakeTmp

Run Build Command:"/usr/bin/make" "cmTC_9e75a/fast"
/usr/bin/make -f CMakeFiles/cmTC_9e75a.dir/build.make CMakeFiles/cmTC_9e75a.dir/build
make[1]: вход в каталог «/home/user/cbmdir/kfparticlesimple/build/CMakeFiles/CMakeTmp»
Building C object CMakeFiles/cmTC_9e75a.dir/testCCompiler.c.o
/usr/bin/cc    -o CMakeFiles/cmTC_9e75a.dir/testCCompiler.c.o   -c /home/user/cbmdir/kfparticlesimple/build/CMakeFiles/CMakeTmp/testCCompiler.c
Linking C executable cmTC_9e75a
/usr/local/bin/cmake -E cmake_link_script CMakeFiles/cmTC_9e75a.dir/link.txt --verbose=1
/usr/bin/cc      -rdynamic CMakeFiles/cmTC_9e75a.dir/testCCompiler.c.o  -o cmTC_9e75a 
make[1]: выход из каталога «/home/user/cbmdir/kfparticlesimple/build/CMakeFiles/CMakeTmp»


Detecting C compiler ABI info compiled with the following output:
Change Dir: /home/user/cbmdir/kfparticlesimple/build/CMakeFiles/CMakeTmp

Run Build Command:"/usr/bin/make" "cmTC_da6a0/fast"
/usr/bin/make -f CMakeFiles/cmTC_da6a0.dir/build.make CMakeFiles/cmTC_da6a0.dir/build
make[1]: вход в каталог «/home/user/cbmdir/kfparticlesimple/build/CMakeFiles/CMakeTmp»
Building C object CMakeFiles/cmTC_da6a0.dir/CMakeCCompilerABI.c.o
/usr/bin/cc    -o CMakeFiles/cmTC_da6a0.dir/CMakeCCompilerABI.c.o   -c /usr/local/share/cmake-3.8/Modules/CMakeCCompilerABI.c
Linking C executable cmTC_da6a0
/usr/local/bin/cmake -E cmake_link_script CMakeFiles/cmTC_da6a0.dir/link.txt --verbose=1
/usr/bin/cc     -v -rdynamic CMakeFiles/cmTC_da6a0.dir/CMakeCCompilerABI.c.o  -o cmTC_da6a0 
Using built-in specs.
COLLECT_GCC=/usr/bin/cc
COLLECT_LTO_WRAPPER=/usr/lib/gcc/x86_64-linux-gnu/7/lto-wrapper
OFFLOAD_TARGET_NAMES=nvptx-none
OFFLOAD_TARGET_DEFAULT=1
Target: x86_64-linux-gnu
Configured with: ../src/configure -v --with-pkgversion='Ubuntu 7.4.0-1ubuntu1~16.04~ppa1' --with-bugurl=file:///usr/share/doc/gcc-7/README.Bugs --enable-languages=c,ada,c++,go,brig,d,fortran,objc,obj-c++ --prefix=/usr --with-gcc-major-version-only --program-suffix=-7 --program-prefix=x86_64-linux-gnu- --enable-shared --enable-linker-build-id --libexecdir=/usr/lib --without-included-gettext --enable-threads=posix --libdir=/usr/lib --enable-nls --with-sysroot=/ --enable-clocale=gnu --enable-libstdcxx-debug --enable-libstdcxx-time=yes --with-default-libstdcxx-abi=new --enable-gnu-unique-object --disable-vtable-verify --enable-libmpx --enable-plugin --with-system-zlib --with-target-system-zlib --enable-objc-gc=auto --enable-multiarch --disable-werror --with-arch-32=i686 --with-abi=m64 --with-multilib-list=m32,m64,mx32 --enable-multilib --with-tune=generic --enable-offload-targets=nvptx-none --without-cuda-driver --enable-checking=release --build=x86_64-linux-gnu --host=x86_64-linux-gnu --target=x86_64-linux-gnu
Thread model: posix
gcc version 7.4.0 (Ubuntu 7.4.0-1ubuntu1~16.04~ppa1) 
COMPILER_PATH=/usr/lib/gcc/x86_64-linux-gnu/7/:/usr/lib/gcc/x86_64-linux-gnu/7/:/usr/lib/gcc/x86_64-linux-gnu/:/usr/lib/gcc/x86_64-linux-gnu/7/:/usr/lib/gcc/x86_64-linux-gnu/
LIBRARY_PATH=/usr/lib/gcc/x86_64-linux-gnu/7/:/usr/lib/gcc/x86_64-linux-gnu/7/../../../x86_64-linux-gnu/:/usr/lib/gcc/x86_64-linux-gnu/7/../../../../lib/:/lib/x86_64-linux-gnu/:/lib/../lib/:/usr/lib/x86_64-linux-gnu/:/usr/lib/../lib/:/usr/lib/gcc/x86_64-linux-gnu/7/../../../:/lib/:/usr/lib/
COLLECT_GCC_OPTIONS='-v' '-rdynamic' '-o' 'cmTC_da6a0' '-mtune=generic' '-march=x86-64'
 /usr/lib/gcc/x86_64-linux-gnu/7/collect2 -plugin /usr/lib/gcc/x86_64-linux-gnu/7/liblto_plugin.so -plugin-opt=/usr/lib/gcc/x86_64-linux-gnu/7/lto-wrapper -plugin-opt=-fresolution=/tmp/ccfYaP1O.res -plugin-opt=-pass-through=-lgcc -plugin-opt=-pass-through=-lgcc_s -plugin-opt=-pass-through=-lc -plugin-opt=-pass-through=-lgcc -plugin-opt=-pass-through=-lgcc_s --sysroot=/ --build-id --eh-frame-hdr -m elf_x86_64 --hash-style=gnu --as-needed -export-dynamic -dynamic-linker /lib64/ld-linux-x86-64.so.2 -z relro -o cmTC_da6a0 /usr/lib/gcc/x86_64-linux-gnu/7/../../../x86_64-linux-gnu/crt1.o /usr/lib/gcc/x86_64-linux-gnu/7/../../../x86_64-linux-gnu/crti.o /usr/lib/gcc/x86_64-linux-gnu/7/crtbegin.o -L/usr/lib/gcc/x86_64-linux-gnu/7 -L/usr/lib/gcc/x86_64-linux-gnu/7/../../../x86_64-linux-gnu -L/usr/lib/gcc/x86_64-linux-gnu/7/../../../../lib -L/lib/x86_64-linux-gnu -L/lib/../lib -L/usr/lib/x86_64-linux-gnu -L/usr/lib/../lib -L/usr/lib/gcc/x86_64-linux-gnu/7/../../.. CMakeFiles/cmTC_da6a0.dir/CMakeCCompilerABI.c.o -lgcc --push-state --as-needed -lgcc_s --pop-state -lc -lgcc --push-state --as-needed -lgcc_s --pop-state /usr/lib/gcc/x86_64-linux-gnu/7/crtend.o /usr/lib/gcc/x86_64-linux-gnu/7/../../../x86_64-linux-gnu/crtn.o
COLLECT_GCC_OPTIONS='-v' '-rdynamic' '-o' 'cmTC_da6a0' '-mtune=generic' '-march=x86-64'
make[1]: выход из каталога «/home/user/cbmdir/kfparticlesimple/build/CMakeFiles/CMakeTmp»


Parsed C implicit link information from above output:
  link line regex: [^( *|.*[/\])(ld|([^/\]+-)?ld|collect2)[^/\]*( |$)]
  ignore line: [Change Dir: /home/user/cbmdir/kfparticlesimple/build/CMakeFiles/CMakeTmp]
  ignore line: []
  ignore line: [Run Build Command:"/usr/bin/make" "cmTC_da6a0/fast"]
  ignore line: [/usr/bin/make -f CMakeFiles/cmTC_da6a0.dir/build.make CMakeFiles/cmTC_da6a0.dir/build]
  ignore line: [make[1]: вход в каталог «/home/user/cbmdir/kfparticlesimple/build/CMakeFiles/CMakeTmp»]
  ignore line: [Building C object CMakeFiles/cmTC_da6a0.dir/CMakeCCompilerABI.c.o]
  ignore line: [/usr/bin/cc    -o CMakeFiles/cmTC_da6a0.dir/CMakeCCompilerABI.c.o   -c /usr/local/share/cmake-3.8/Modules/CMakeCCompilerABI.c]
  ignore line: [Linking C executable cmTC_da6a0]
  ignore line: [/usr/local/bin/cmake -E cmake_link_script CMakeFiles/cmTC_da6a0.dir/link.txt --verbose=1]
  ignore line: [/usr/bin/cc     -v -rdynamic CMakeFiles/cmTC_da6a0.dir/CMakeCCompilerABI.c.o  -o cmTC_da6a0 ]
  ignore line: [Using built-in specs.]
  ignore line: [COLLECT_GCC=/usr/bin/cc]
  ignore line: [COLLECT_LTO_WRAPPER=/usr/lib/gcc/x86_64-linux-gnu/7/lto-wrapper]
  ignore line: [OFFLOAD_TARGET_NAMES=nvptx-none]
  ignore line: [OFFLOAD_TARGET_DEFAULT=1]
  ignore line: [Target: x86_64-linux-gnu]
  ignore line: [Configured with: ../src/configure -v --with-pkgversion='Ubuntu 7.4.0-1ubuntu1~16.04~ppa1' --with-bugurl=file:///usr/share/doc/gcc-7/README.Bugs --enable-languages=c,ada,c++,go,brig,d,fortran,objc,obj-c++ --prefix=/usr --with-gcc-major-version-only --program-suffix=-7 --program-prefix=x86_64-linux-gnu- --enable-shared --enable-linker-build-id --libexecdir=/usr/lib --without-included-gettext --enable-threads=posix --libdir=/usr/lib --enable-nls --with-sysroot=/ --enable-clocale=gnu --enable-libstdcxx-debug --enable-libstdcxx-time=yes --with-default-libstdcxx-abi=new --enable-gnu-unique-object --disable-vtable-verify --enable-libmpx --enable-plugin --with-system-zlib --with-target-system-zlib --enable-objc-gc=auto --enable-multiarch --disable-werror --with-arch-32=i686 --with-abi=m64 --with-multilib-list=m32,m64,mx32 --enable-multilib --with-tune=generic --enable-offload-targets=nvptx-none --without-cuda-driver --enable-checking=release --build=x86_64-linux-gnu --host=x86_64-linux-gnu --target=x86_64-linux-gnu]
  ignore line: [Thread model: posix]
  ignore line: [gcc version 7.4.0 (Ubuntu 7.4.0-1ubuntu1~16.04~ppa1) ]
  ignore line: [COMPILER_PATH=/usr/lib/gcc/x86_64-linux-gnu/7/:/usr/lib/gcc/x86_64-linux-gnu/7/:/usr/lib/gcc/x86_64-linux-gnu/:/usr/lib/gcc/x86_64-linux-gnu/7/:/usr/lib/gcc/x86_64-linux-gnu/]
  ignore line: [LIBRARY_PATH=/usr/lib/gcc/x86_64-linux-gnu/7/:/usr/lib/gcc/x86_64-linux-gnu/7/../../../x86_64-linux-gnu/:/usr/lib/gcc/x86_64-linux-gnu/7/../../../../lib/:/lib/x86_64-linux-gnu/:/lib/../lib/:/usr/lib/x86_64-linux-gnu/:/usr/lib/../lib/:/usr/lib/gcc/x86_64-linux-gnu/7/../../../:/lib/:/usr/lib/]
  ignore line: [COLLECT_GCC_OPTIONS='-v' '-rdynamic' '-o' 'cmTC_da6a0' '-mtune=generic' '-march=x86-64']
  link line: [ /usr/lib/gcc/x86_64-linux-gnu/7/collect2 -plugin /usr/lib/gcc/x86_64-linux-gnu/7/liblto_plugin.so -plugin-opt=/usr/lib/gcc/x86_64-linux-gnu/7/lto-wrapper -plugin-opt=-fresolution=/tmp/ccfYaP1O.res -plugin-opt=-pass-through=-lgcc -plugin-opt=-pass-through=-lgcc_s -plugin-opt=-pass-through=-lc -plugin-opt=-pass-through=-lgcc -plugin-opt=-pass-through=-lgcc_s --sysroot=/ --build-id --eh-frame-hdr -m elf_x86_64 --hash-style=gnu --as-needed -export-dynamic -dynamic-linker /lib64/ld-linux-x86-64.so.2 -z relro -o cmTC_da6a0 /usr/lib/gcc/x86_64-linux-gnu/7/../../../x86_64-linux-gnu/crt1.o /usr/lib/gcc/x86_64-linux-gnu/7/../../../x86_64-linux-gnu/crti.o /usr/lib/gcc/x86_64-linux-gnu/7/crtbegin.o -L/usr/lib/gcc/x86_64-linux-gnu/7 -L/usr/lib/gcc/x86_64-linux-gnu/7/../../../x86_64-linux-gnu -L/usr/lib/gcc/x86_64-linux-gnu/7/../../../../lib -L/lib/x86_64-linux-gnu -L/lib/../lib -L/usr/lib/x86_64-linux-gnu -L/usr/lib/../lib -L/usr/lib/gcc/x86_64-linux-gnu/7/../../.. CMakeFiles/cmTC_da6a0.dir/CMakeCCompilerABI.c.o -lgcc --push-state --as-needed -lgcc_s --pop-state -lc -lgcc --push-state --as-needed -lgcc_s --pop-state /usr/lib/gcc/x86_64-linux-gnu/7/crtend.o /usr/lib/gcc/x86_64-linux-gnu/7/../../../x86_64-linux-gnu/crtn.o]
    arg [/usr/lib/gcc/x86_64-linux-gnu/7/collect2] ==> ignore
    arg [-plugin] ==> ignore
    arg [/usr/lib/gcc/x86_64-linux-gnu/7/liblto_plugin.so] ==> ignore
    arg [-plugin-opt=/usr/lib/gcc/x86_64-linux-gnu/7/lto-wrapper] ==> ignore
    arg [-plugin-opt=-fresolution=/tmp/ccfYaP1O.res] ==> ignore
    arg [-plugin-opt=-pass-through=-lgcc] ==> ignore
    arg [-plugin-opt=-pass-through=-lgcc_s] ==> ignore
    arg [-plugin-opt=-pass-through=-lc] ==> ignore
    arg [-plugin-opt=-pass-through=-lgcc] ==> ignore
    arg [-plugin-opt=-pass-through=-lgcc_s] ==> ignore
    arg [--sysroot=/] ==> ignore
    arg [--build-id] ==> ignore
    arg [--eh-frame-hdr] ==> ignore
    arg [-m] ==> ignore
    arg [elf_x86_64] ==> ignore
    arg [--hash-style=gnu] ==> ignore
    arg [--as-needed] ==> ignore
    arg [-export-dynamic] ==> ignore
    arg [-dynamic-linker] ==> ignore
    arg [/lib64/ld-linux-x86-64.so.2] ==> ignore
    arg [-zrelro] ==> ignore
    arg [-o] ==> ignore
    arg [cmTC_da6a0] ==> ignore
    arg [/usr/lib/gcc/x86_64-linux-gnu/7/../../../x86_64-linux-gnu/crt1.o] ==> ignore
    arg [/usr/lib/gcc/x86_64-linux-gnu/7/../../../x86_64-linux-gnu/crti.o] ==> ignore
    arg [/usr/lib/gcc/x86_64-linux-gnu/7/crtbegin.o] ==> ignore
    arg [-L/usr/lib/gcc/x86_64-linux-gnu/7] ==> dir [/usr/lib/gcc/x86_64-linux-gnu/7]
    arg [-L/usr/lib/gcc/x86_64-linux-gnu/7/../../../x86_64-linux-gnu] ==> dir [/usr/lib/gcc/x86_64-linux-gnu/7/../../../x86_64-linux-gnu]
    arg [-L/usr/lib/gcc/x86_64-linux-gnu/7/../../../../lib] ==> dir [/usr/lib/gcc/x86_64-linux-gnu/7/../../../../lib]
    arg [-L/lib/x86_64-linux-gnu] ==> dir [/lib/x86_64-linux-gnu]
    arg [-L/lib/../lib] ==> dir [/lib/../lib]
    arg [-L/usr/lib/x86_64-linux-gnu] ==> dir [/usr/lib/x86_64-linux-gnu]
    arg [-L/usr/lib/../lib] ==> dir [/usr/lib/../lib]
    arg [-L/usr/lib/gcc/x86_64-linux-gnu/7/../../..] ==> dir [/usr/lib/gcc/x86_64-linux-gnu/7/../../..]
    arg [CMakeFiles/cmTC_da6a0.dir/CMakeCCompilerABI.c.o] ==> ignore
    arg [-lgcc] ==> lib [gcc]
    arg [--push-state] ==> ignore
    arg [--as-needed] ==> ignore
    arg [-lgcc_s] ==> lib [gcc_s]
    arg [--pop-state] ==> ignore
    arg [-lc] ==> lib [c]
    arg [-lgcc] ==> lib [gcc]
    arg [--push-state] ==> ignore
    arg [--as-needed] ==> ignore
    arg [-lgcc_s] ==> lib [gcc_s]
    arg [--pop-state] ==> ignore
    arg [/usr/lib/gcc/x86_64-linux-gnu/7/crtend.o] ==> ignore
    arg [/usr/lib/gcc/x86_64-linux-gnu/7/../../../x86_64-linux-gnu/crtn.o] ==> ignore
  remove lib [gcc]
  remove lib [gcc_s]
  remove lib [gcc]
  remove lib [gcc_s]
  collapse library dir [/usr/lib/gcc/x86_64-linux-gnu/7] ==> [/usr/lib/gcc/x86_64-linux-gnu/7]
  collapse library dir [/usr/lib/gcc/x86_64-linux-gnu/7/../../../x86_64-linux-gnu] ==> [/usr/lib/x86_64-linux-gnu]
  collapse library dir [/usr/lib/gcc/x86_64-linux-gnu/7/../../../../lib] ==> [/usr/lib]
  collapse library dir [/lib/x86_64-linux-gnu] ==> [/lib/x86_64-linux-gnu]
  collapse library dir [/lib/../lib] ==> [/lib]
  collapse library dir [/usr/lib/x86_64-linux-gnu] ==> [/usr/lib/x86_64-linux-gnu]
  collapse library dir [/usr/lib/../lib] ==> [/usr/lib]
  collapse library dir [/usr/lib/gcc/x86_64-linux-gnu/7/../../..] ==> [/usr/lib]
  implicit libs: [c]
  implicit dirs: [/usr/lib/gcc/x86_64-linux-gnu/7;/usr/lib/x86_64-linux-gnu;/usr/lib;/lib/x86_64-linux-gnu;/lib]
  implicit fwks: []




Detecting C [-std=c11] compiler features compiled with the following output:
Change Dir: /home/user/cbmdir/kfparticlesimple/build/CMakeFiles/CMakeTmp

Run Build Command:"/usr/bin/make" "cmTC_3e5e5/fast"
/usr/bin/make -f CMakeFiles/cmTC_3e5e5.dir/build.make CMakeFiles/cmTC_3e5e5.dir/build
make[1]: вход в каталог «/home/user/cbmdir/kfparticlesimple/build/CMakeFiles/CMakeTmp»
Building C object CMakeFiles/cmTC_3e5e5.dir/feature_tests.c.o
/usr/bin/cc   -std=c11 -o CMakeFiles/cmTC_3e5e5.dir/feature_tests.c.o   -c /home/user/cbmdir/kfparticlesimple/build/CMakeFiles/feature_tests.c
Linking C executable cmTC_3e5e5
/usr/local/bin/cmake -E cmake_link_script CMakeFiles/cmTC_3e5e5.dir/link.txt --verbose=1
/usr/bin/cc      -rdynamic CMakeFiles/cmTC_3e5e5.dir/feature_tests.c.o  -o cmTC_3e5e5 
make[1]: выход из каталога «/home/user/cbmdir/kfparticlesimple/build/CMakeFiles/CMakeTmp»


    Feature record: C_FEATURE:1c_function_prototypes
    Feature record: C_FEATURE:1c_restrict
    Feature record: C_FEATURE:1c_static_assert
    Feature record: C_FEATURE:1c_variadic_macros


Detecting C [-std=c99] compiler features compiled with the following output:
Change Dir: /home/user/cbmdir/kfparticlesimple/build/CMakeFiles/CMakeTmp

Run Build Command:"/usr/bin/make" "cmTC_13e4d/fast"
/usr/bin/make -f CMakeFiles/cmTC_13e4d.dir/build.make CMakeFiles/cmTC_13e4d.dir/build
make[1]: вход в каталог «/home/user/cbmdir/kfparticlesimple/build/CMakeFiles/CMakeTmp»
Building C object CMakeFiles/cmTC_13e4d.dir/feature_tests.c.o
/usr/bin/cc   -std=c99 -o CMakeFiles/cmTC_13e4d.dir/feature_tests.c.o   -c /home/user/cbmdir/kfparticlesimple/build/CMakeFiles/feature_tests.c
Linking C executable cmTC_13e4d
/usr/local/bin/cmake -E cmake_link_script CMakeFiles/cmTC_13e4d.dir/link.txt --verbose=1
/usr/bin/cc      -rdynamic CMakeFiles/cmTC_13e4d.dir/feature_tests.c.o  -o cmTC_13e4d 
make[1]: выход из каталога «/home/user/cbmdir/kfparticlesimple/build/CMakeFiles/CMakeTmp»


    Feature record: C_FEATURE:1c_function_prototypes
    Feature record: C_FEATURE:1c_restrict
    Feature record: C_FEATURE:0c_static_assert
    Feature record: C_FEATURE:1c_variadic_macros


Detecting C [-std=c90] compiler features compiled with the following output:
Change Dir: /home/user/cbmdir/kfparticlesimple/build/CMakeFiles/CMakeTmp

Run Build Command:"/usr/bin/make" "cmTC_d3ef5/fast"
/usr/bin/make -f CMakeFiles/cmTC_d3ef5.dir/build.make CMakeFiles/cmTC_d3ef5.dir/build
make[1]: вход в каталог «/home/user/cbmdir/kfparticlesimple/build/CMakeFiles/CMakeTmp»
Building C object CMakeFiles/cmTC_d3ef5.dir/feature_tests.c.o
/usr/bin/cc   -std=c90 -o CMakeFiles/cmTC_d3ef5.dir/feature_tests.c.o   -c /home/user/cbmdir/kfparticlesimple/build/CMakeFiles/feature_tests.c
Linking C executable cmTC_d3ef5
/usr/local/bin/cmake -E cmake_link_script CMakeFiles/cmTC_d3ef5.dir/link.txt --verbose=1
/usr/bin/cc      -rdynamic CMakeFiles/cmTC_d3ef5.dir/feature_tests.c.o  -o cmTC_d3ef5 
make[1]: выход из каталога «/home/user/cbmdir/kfparticlesimple/build/CMakeFiles/CMakeTmp»


    Feature record: C_FEATURE:1c_function_prototypes
    Feature record: C_FEATURE:0c_restrict
    Feature record: C_FEATURE:0c_static_assert
    Feature record: C_FEATURE:0c_variadic_macros
Determining if the CXX compiler works passed with the following output:
Change Dir: /home/user/cbmdir/kfparticlesimple/build/CMakeFiles/CMakeTmp

Run Build Command:"/usr/bin/make" "cmTC_91738/fast"
/usr/bin/make -f CMakeFiles/cmTC_91738.dir/build.make CMakeFiles/cmTC_91738.dir/build
make[1]: вход в каталог «/home/user/cbmdir/kfparticlesimple/build/CMakeFiles/CMakeTmp»
Building CXX object CMakeFiles/cmTC_91738.dir/testCXXCompiler.cxx.o
/usr/bin/c++     -o CMakeFiles/cmTC_91738.dir/testCXXCompiler.cxx.o -c /home/user/cbmdir/kfparticlesimple/build/CMakeFiles/CMakeTmp/testCXXCompiler.cxx
Linking CXX executable cmTC_91738
/usr/local/bin/cmake -E cmake_link_script CMakeFiles/cmTC_91738.dir/link.txt --verbose=1
/usr/bin/c++       -rdynamic CMakeFiles/cmTC_91738.dir/testCXXCompiler.cxx.o  -o cmTC_91738 
make[1]: выход из каталога «/home/user/cbmdir/kfparticlesimple/build/CMakeFiles/CMakeTmp»


Detecting CXX compiler ABI info compiled with the following output:
Change Dir: /home/user/cbmdir/kfparticlesimple/build/CMakeFiles/CMakeTmp

Run Build Command:"/usr/bin/make" "cmTC_a7be9/fast"
/usr/bin/make -f CMakeFiles/cmTC_a7be9.dir/build.make CMakeFiles/cmTC_a7be9.dir/build
make[1]: вход в каталог «/home/user/cbmdir/kfparticlesimple/build/CMakeFiles/CMakeTmp»
Building CXX object CMakeFiles/cmTC_a7be9.dir/CMakeCXXCompilerABI.cpp.o
/usr/bin/c++     -o CMakeFiles/cmTC_a7be9.dir/CMakeCXXCompilerABI.cpp.o -c /usr/local/share/cmake-3.8/Modules/CMakeCXXCompilerABI.cpp
Linking CXX executable cmTC_a7be9
/usr/local/bin/cmake -E cmake_link_script CMakeFiles/cmTC_a7be9.dir/link.txt --verbose=1
/usr/bin/c++      -v -rdynamic CMakeFiles/cmTC_a7be9.dir/CMakeCXXCompilerABI.cpp.o  -o cmTC_a7be9 
Using built-in specs.
COLLECT_GCC=/usr/bin/c++
COLLECT_LTO_WRAPPER=/usr/lib/gcc/x86_64-linux-gnu/7/lto-wrapper
OFFLOAD_TARGET_NAMES=nvptx-none
OFFLOAD_TARGET_DEFAULT=1
Target: x86_64-linux-gnu
Configured with: ../src/configure -v --with-pkgversion='Ubuntu 7.4.0-1ubuntu1~16.04~ppa1' --with-bugurl=file:///usr/share/doc/gcc-7/README.Bugs --enable-languages=c,ada,c++,go,brig,d,fortran,objc,obj-c++ --prefix=/usr --with-gcc-major-version-only --program-suffix=-7 --program-prefix=x86_64-linux-gnu- --enable-shared --enable-linker-build-id --libexecdir=/usr/lib --without-included-gettext --enable-threads=posix --libdir=/usr/lib --enable-nls --with-sysroot=/ --enable-clocale=gnu --enable-libstdcxx-debug --enable-libstdcxx-time=yes --with-default-libstdcxx-abi=new --enable-gnu-unique-object --disable-vtable-verify --enable-libmpx --enable-plugin --with-system-zlib --with-target-system-zlib --enable-objc-gc=auto --enable-multiarch --disable-werror --with-arch-32=i686 --with-abi=m64 --with-multilib-list=m32,m64,mx32 --enable-multilib --with-tune=generic --enable-offload-targets=nvptx-none --without-cuda-driver --enable-checking=release --build=x86_64-linux-gnu --host=x86_64-linux-gnu --target=x86_64-linux-gnu
Thread model: posix
gcc version 7.4.0 (Ubuntu 7.4.0-1ubuntu1~16.04~ppa1) 
COMPILER_PATH=/usr/lib/gcc/x86_64-linux-gnu/7/:/usr/lib/gcc/x86_64-linux-gnu/7/:/usr/lib/gcc/x86_64-linux-gnu/:/usr/lib/gcc/x86_64-linux-gnu/7/:/usr/lib/gcc/x86_64-linux-gnu/
LIBRARY_PATH=/usr/lib/gcc/x86_64-linux-gnu/7/:/usr/lib/gcc/x86_64-linux-gnu/7/../../../x86_64-linux-gnu/:/usr/lib/gcc/x86_64-linux-gnu/7/../../../../lib/:/lib/x86_64-linux-gnu/:/lib/../lib/:/usr/lib/x86_64-linux-gnu/:/usr/lib/../lib/:/usr/lib/gcc/x86_64-linux-gnu/7/../../../:/lib/:/usr/lib/
COLLECT_GCC_OPTIONS='-v' '-rdynamic' '-o' 'cmTC_a7be9' '-shared-libgcc' '-mtune=generic' '-march=x86-64'
 /usr/lib/gcc/x86_64-linux-gnu/7/collect2 -plugin /usr/lib/gcc/x86_64-linux-gnu/7/liblto_plugin.so -plugin-opt=/usr/lib/gcc/x86_64-linux-gnu/7/lto-wrapper -plugin-opt=-fresolution=/tmp/cczvrXEd.res -plugin-opt=-pass-through=-lgcc_s -plugin-opt=-pass-through=-lgcc -plugin-opt=-pass-through=-lc -plugin-opt=-pass-through=-lgcc_s -plugin-opt=-pass-through=-lgcc --sysroot=/ --build-id --eh-frame-hdr -m elf_x86_64 --hash-style=gnu --as-needed -export-dynamic -dynamic-linker /lib64/ld-linux-x86-64.so.2 -z relro -o cmTC_a7be9 /usr/lib/gcc/x86_64-linux-gnu/7/../../../x86_64-linux-gnu/crt1.o /usr/lib/gcc/x86_64-linux-gnu/7/../../../x86_64-linux-gnu/crti.o /usr/lib/gcc/x86_64-linux-gnu/7/crtbegin.o -L/usr/lib/gcc/x86_64-linux-gnu/7 -L/usr/lib/gcc/x86_64-linux-gnu/7/../../../x86_64-linux-gnu -L/usr/lib/gcc/x86_64-linux-gnu/7/../../../../lib -L/lib/x86_64-linux-gnu -L/lib/../lib -L/usr/lib/x86_64-linux-gnu -L/usr/lib/../lib -L/usr/lib/gcc/x86_64-linux-gnu/7/../../.. CMakeFiles/cmTC_a7be9.dir/CMakeCXXCompilerABI.cpp.o -lstdc++ -lm -lgcc_s -lgcc -lc -lgcc_s -lgcc /usr/lib/gcc/x86_64-linux-gnu/7/crtend.o /usr/lib/gcc/x86_64-linux-gnu/7/../../../x86_64-linux-gnu/crtn.o
COLLECT_GCC_OPTIONS='-v' '-rdynamic' '-o' 'cmTC_a7be9' '-shared-libgcc' '-mtune=generic' '-march=x86-64'
make[1]: выход из каталога «/home/user/cbmdir/kfparticlesimple/build/CMakeFiles/CMakeTmp»


Parsed CXX implicit link information from above output:
  link line regex: [^( *|.*[/\])(ld|([^/\]+-)?ld|collect2)[^/\]*( |$)]
  ignore line: [Change Dir: /home/user/cbmdir/kfparticlesimple/build/CMakeFiles/CMakeTmp]
  ignore line: []
  ignore line: [Run Build Command:"/usr/bin/make" "cmTC_a7be9/fast"]
  ignore line: [/usr/bin/make -f CMakeFiles/cmTC_a7be9.dir/build.make CMakeFiles/cmTC_a7be9.dir/build]
  ignore line: [make[1]: вход в каталог «/home/user/cbmdir/kfparticlesimple/build/CMakeFiles/CMakeTmp»]
  ignore line: [Building CXX object CMakeFiles/cmTC_a7be9.dir/CMakeCXXCompilerABI.cpp.o]
  ignore line: [/usr/bin/c++     -o CMakeFiles/cmTC_a7be9.dir/CMakeCXXCompilerABI.cpp.o -c /usr/local/share/cmake-3.8/Modules/CMakeCXXCompilerABI.cpp]
  ignore line: [Linking CXX executable cmTC_a7be9]
  ignore line: [/usr/local/bin/cmake -E cmake_link_script CMakeFiles/cmTC_a7be9.dir/link.txt --verbose=1]
  ignore line: [/usr/bin/c++      -v -rdynamic CMakeFiles/cmTC_a7be9.dir/CMakeCXXCompilerABI.cpp.o  -o cmTC_a7be9 ]
  ignore line: [Using built-in specs.]
  ignore line: [COLLECT_GCC=/usr/bin/c++]
  ignore line: [COLLECT_LTO_WRAPPER=/usr/lib/gcc/x86_64-linux-gnu/7/lto-wrapper]
  ignore line: [OFFLOAD_TARGET_NAMES=nvptx-none]
  ignore line: [OFFLOAD_TARGET_DEFAULT=1]
  ignore line: [Target: x86_64-linux-gnu]
  ignore line: [Configured with: ../src/configure -v --with-pkgversion='Ubuntu 7.4.0-1ubuntu1~16.04~ppa1' --with-bugurl=file:///usr/share/doc/gcc-7/README.Bugs --enable-languages=c,ada,c++,go,brig,d,fortran,objc,obj-c++ --prefix=/usr --with-gcc-major-version-only --program-suffix=-7 --program-prefix=x86_64-linux-gnu- --enable-shared --enable-linker-build-id --libexecdir=/usr/lib --without-included-gettext --enable-threads=posix --libdir=/usr/lib --enable-nls --with-sysroot=/ --enable-clocale=gnu --enable-libstdcxx-debug --enable-libstdcxx-time=yes --with-default-libstdcxx-abi=new --enable-gnu-unique-object --disable-vtable-verify --enable-libmpx --enable-plugin --with-system-zlib --with-target-system-zlib --enable-objc-gc=auto --enable-multiarch --disable-werror --with-arch-32=i686 --with-abi=m64 --with-multilib-list=m32,m64,mx32 --enable-multilib --with-tune=generic --enable-offload-targets=nvptx-none --without-cuda-driver --enable-checking=release --build=x86_64-linux-gnu --host=x86_64-linux-gnu --target=x86_64-linux-gnu]
  ignore line: [Thread model: posix]
  ignore line: [gcc version 7.4.0 (Ubuntu 7.4.0-1ubuntu1~16.04~ppa1) ]
  ignore line: [COMPILER_PATH=/usr/lib/gcc/x86_64-linux-gnu/7/:/usr/lib/gcc/x86_64-linux-gnu/7/:/usr/lib/gcc/x86_64-linux-gnu/:/usr/lib/gcc/x86_64-linux-gnu/7/:/usr/lib/gcc/x86_64-linux-gnu/]
  ignore line: [LIBRARY_PATH=/usr/lib/gcc/x86_64-linux-gnu/7/:/usr/lib/gcc/x86_64-linux-gnu/7/../../../x86_64-linux-gnu/:/usr/lib/gcc/x86_64-linux-gnu/7/../../../../lib/:/lib/x86_64-linux-gnu/:/lib/../lib/:/usr/lib/x86_64-linux-gnu/:/usr/lib/../lib/:/usr/lib/gcc/x86_64-linux-gnu/7/../../../:/lib/:/usr/lib/]
  ignore line: [COLLECT_GCC_OPTIONS='-v' '-rdynamic' '-o' 'cmTC_a7be9' '-shared-libgcc' '-mtune=generic' '-march=x86-64']
  link line: [ /usr/lib/gcc/x86_64-linux-gnu/7/collect2 -plugin /usr/lib/gcc/x86_64-linux-gnu/7/liblto_plugin.so -plugin-opt=/usr/lib/gcc/x86_64-linux-gnu/7/lto-wrapper -plugin-opt=-fresolution=/tmp/cczvrXEd.res -plugin-opt=-pass-through=-lgcc_s -plugin-opt=-pass-through=-lgcc -plugin-opt=-pass-through=-lc -plugin-opt=-pass-through=-lgcc_s -plugin-opt=-pass-through=-lgcc --sysroot=/ --build-id --eh-frame-hdr -m elf_x86_64 --hash-style=gnu --as-needed -export-dynamic -dynamic-linker /lib64/ld-linux-x86-64.so.2 -z relro -o cmTC_a7be9 /usr/lib/gcc/x86_64-linux-gnu/7/../../../x86_64-linux-gnu/crt1.o /usr/lib/gcc/x86_64-linux-gnu/7/../../../x86_64-linux-gnu/crti.o /usr/lib/gcc/x86_64-linux-gnu/7/crtbegin.o -L/usr/lib/gcc/x86_64-linux-gnu/7 -L/usr/lib/gcc/x86_64-linux-gnu/7/../../../x86_64-linux-gnu -L/usr/lib/gcc/x86_64-linux-gnu/7/../../../../lib -L/lib/x86_64-linux-gnu -L/lib/../lib -L/usr/lib/x86_64-linux-gnu -L/usr/lib/../lib -L/usr/lib/gcc/x86_64-linux-gnu/7/../../.. CMakeFiles/cmTC_a7be9.dir/CMakeCXXCompilerABI.cpp.o -lstdc++ -lm -lgcc_s -lgcc -lc -lgcc_s -lgcc /usr/lib/gcc/x86_64-linux-gnu/7/crtend.o /usr/lib/gcc/x86_64-linux-gnu/7/../../../x86_64-linux-gnu/crtn.o]
    arg [/usr/lib/gcc/x86_64-linux-gnu/7/collect2] ==> ignore
    arg [-plugin] ==> ignore
    arg [/usr/lib/gcc/x86_64-linux-gnu/7/liblto_plugin.so] ==> ignore
    arg [-plugin-opt=/usr/lib/gcc/x86_64-linux-gnu/7/lto-wrapper] ==> ignore
    arg [-plugin-opt=-fresolution=/tmp/cczvrXEd.res] ==> ignore
    arg [-plugin-opt=-pass-through=-lgcc_s] ==> ignore
    arg [-plugin-opt=-pass-through=-lgcc] ==> ignore
    arg [-plugin-opt=-pass-through=-lc] ==> ignore
    arg [-plugin-opt=-pass-through=-lgcc_s] ==> ignore
    arg [-plugin-opt=-pass-through=-lgcc] ==> ignore
    arg [--sysroot=/] ==> ignore
    arg [--build-id] ==> ignore
    arg [--eh-frame-hdr] ==> ignore
    arg [-m] ==> ignore
    arg [elf_x86_64] ==> ignore
    arg [--hash-style=gnu] ==> ignore
    arg [--as-needed] ==> ignore
    arg [-export-dynamic] ==> ignore
    arg [-dynamic-linker] ==> ignore
    arg [/lib64/ld-linux-x86-64.so.2] ==> ignore
    arg [-zrelro] ==> ignore
    arg [-o] ==> ignore
    arg [cmTC_a7be9] ==> ignore
    arg [/usr/lib/gcc/x86_64-linux-gnu/7/../../../x86_64-linux-gnu/crt1.o] ==> ignore
    arg [/usr/lib/gcc/x86_64-linux-gnu/7/../../../x86_64-linux-gnu/crti.o] ==> ignore
    arg [/usr/lib/gcc/x86_64-linux-gnu/7/crtbegin.o] ==> ignore
    arg [-L/usr/lib/gcc/x86_64-linux-gnu/7] ==> dir [/usr/lib/gcc/x86_64-linux-gnu/7]
    arg [-L/usr/lib/gcc/x86_64-linux-gnu/7/../../../x86_64-linux-gnu] ==> dir [/usr/lib/gcc/x86_64-linux-gnu/7/../../../x86_64-linux-gnu]
    arg [-L/usr/lib/gcc/x86_64-linux-gnu/7/../../../../lib] ==> dir [/usr/lib/gcc/x86_64-linux-gnu/7/../../../../lib]
    arg [-L/lib/x86_64-linux-gnu] ==> dir [/lib/x86_64-linux-gnu]
    arg [-L/lib/../lib] ==> dir [/lib/../lib]
    arg [-L/usr/lib/x86_64-linux-gnu] ==> dir [/usr/lib/x86_64-linux-gnu]
    arg [-L/usr/lib/../lib] ==> dir [/usr/lib/../lib]
    arg [-L/usr/lib/gcc/x86_64-linux-gnu/7/../../..] ==> dir [/usr/lib/gcc/x86_64-linux-gnu/7/../../..]
    arg [CMakeFiles/cmTC_a7be9.dir/CMakeCXXCompilerABI.cpp.o] ==> ignore
    arg [-lstdc++] ==> lib [stdc++]
    arg [-lm] ==> lib [m]
    arg [-lgcc_s] ==> lib [gcc_s]
    arg [-lgcc] ==> lib [gcc]
    arg [-lc] ==> lib [c]
    arg [-lgcc_s] ==> lib [gcc_s]
    arg [-lgcc] ==> lib [gcc]
    arg [/usr/lib/gcc/x86_64-linux-gnu/7/crtend.o] ==> ignore
    arg [/usr/lib/gcc/x86_64-linux-gnu/7/../../../x86_64-linux-gnu/crtn.o] ==> ignore
  remove lib [gcc_s]
  remove lib [gcc]
  remove lib [gcc_s]
  remove lib [gcc]
  collapse library dir [/usr/lib/gcc/x86_64-linux-gnu/7] ==> [/usr/lib/gcc/x86_64-linux-gnu/7]
  collapse library dir [/usr/lib/gcc/x86_64-linux-gnu/7/../../../x86_64-linux-gnu] ==> [/usr/lib/x86_64-linux-gnu]
  collapse library dir [/usr/lib/gcc/x86_64-linux-gnu/7/../../../../lib] ==> [/usr/lib]
  collapse library dir [/lib/x86_64-linux-gnu] ==> [/lib/x86_64-linux-gnu]
  collapse library dir [/lib/../lib] ==> [/lib]
  collapse library dir [/usr/lib/x86_64-linux-gnu] ==> [/usr/lib/x86_64-linux-gnu]
  collapse library dir [/usr/lib/../lib] ==> [/usr/lib]
  collapse library dir [/usr/lib/gcc/x86_64-linux-gnu/7/../../..] ==> [/usr/lib]
  implicit libs: [stdc++;m;c]
  implicit dirs: [/usr/lib/gcc/x86_64-linux-gnu/7;/usr/lib/x86_64-linux-gnu;/usr/lib;/lib/x86_64-linux-gnu;/lib]
  implicit fwks: []




Detecting CXX [-std=c++1z] compiler features compiled with the following output:
Change Dir: /home/user/cbmdir/kfparticlesimple/build/CMakeFiles/CMakeTmp

Run Build Command:"/usr/bin/make" "cmTC_a6c8d/fast"
/usr/bin/make -f CMakeFiles/cmTC_a6c8d.dir/build.make CMakeFiles/cmTC_a6c8d.dir/build
make[1]: вход в каталог «/home/user/cbmdir/kfparticlesimple/build/CMakeFiles/CMakeTmp»
Building CXX object CMakeFiles/cmTC_a6c8d.dir/feature_tests.cxx.o
/usr/bin/c++    -std=c++1z -o CMakeFiles/cmTC_a6c8d.dir/feature_tests.cxx.o -c /home/user/cbmdir/kfparticlesimple/build/CMakeFiles/feature_tests.cxx
Linking CXX executable cmTC_a6c8d
/usr/local/bin/cmake -E cmake_link_script CMakeFiles/cmTC_a6c8d.dir/link.txt --verbose=1
/usr/bin/c++       -rdynamic CMakeFiles/cmTC_a6c8d.dir/feature_tests.cxx.o  -o cmTC_a6c8d 
make[1]: выход из каталога «/home/user/cbmdir/kfparticlesimple/build/CMakeFiles/CMakeTmp»


    Feature record: CXX_FEATURE:1cxx_aggregate_default_initializers
    Feature record: CXX_FEATURE:1cxx_alias_templates
    Feature record: CXX_FEATURE:1cxx_alignas
    Feature record: CXX_FEATURE:1cxx_alignof
    Feature record: CXX_FEATURE:1cxx_attributes
    Feature record: CXX_FEATURE:1cxx_attribute_deprecated
    Feature record: CXX_FEATURE:1cxx_auto_type
    Feature record: CXX_FEATURE:1cxx_binary_literals
    Feature record: CXX_FEATURE:1cxx_constexpr
    Feature record: CXX_FEATURE:1cxx_contextual_conversions
    Feature record: CXX_FEATURE:1cxx_decltype
    Feature record: CXX_FEATURE:1cxx_decltype_auto
    Feature record: CXX_FEATURE:1cxx_decltype_incomplete_return_types
    Feature record: CXX_FEATURE:1cxx_default_function_template_args
    Feature record: CXX_FEATURE:1cxx_defaulted_functions
    Feature record: CXX_FEATURE:1cxx_defaulted_move_initializers
    Feature record: CXX_FEATURE:1cxx_delegating_constructors
    Feature record: CXX_FEATURE:1cxx_deleted_functions
    Feature record: CXX_FEATURE:1cxx_digit_separators
    Feature record: CXX_FEATURE:1cxx_enum_forward_declarations
    Feature record: CXX_FEATURE:1cxx_explicit_conversions
    Feature record: CXX_FEATURE:1cxx_extended_friend_declarations
    Feature record: CXX_FEATURE:1cxx_extern_templates
    Feature record: CXX_FEATURE:1cxx_final
    Feature record: CXX_FEATURE:1cxx_func_identifier
    Feature record: CXX_FEATURE:1cxx_generalized_initializers
    Feature record: CXX_FEATURE:1cxx_generic_lambdas
    Feature record: CXX_FEATURE:1cxx_inheriting_constructors
    Feature record: CXX_FEATURE:1cxx_inline_namespaces
    Feature record: CXX_FEATURE:1cxx_lambdas
    Feature record: CXX_FEATURE:1cxx_lambda_init_captures
    Feature record: CXX_FEATURE:1cxx_local_type_template_args
    Feature record: CXX_FEATURE:1cxx_long_long_type
    Feature record: CXX_FEATURE:1cxx_noexcept
    Feature record: CXX_FEATURE:1cxx_nonstatic_member_init
    Feature record: CXX_FEATURE:1cxx_nullptr
    Feature record: CXX_FEATURE:1cxx_override
    Feature record: CXX_FEATURE:1cxx_range_for
    Feature record: CXX_FEATURE:1cxx_raw_string_literals
    Feature record: CXX_FEATURE:1cxx_reference_qualified_functions
    Feature record: CXX_FEATURE:1cxx_relaxed_constexpr
    Feature record: CXX_FEATURE:1cxx_return_type_deduction
    Feature record: CXX_FEATURE:1cxx_right_angle_brackets
    Feature record: CXX_FEATURE:1cxx_rvalue_references
    Feature record: CXX_FEATURE:1cxx_sizeof_member
    Feature record: CXX_FEATURE:1cxx_static_assert
    Feature record: CXX_FEATURE:1cxx_strong_enums
    Feature record: CXX_FEATURE:1cxx_template_template_parameters
    Feature record: CXX_FEATURE:1cxx_thread_local
    Feature record: CXX_FEATURE:1cxx_trailing_return_types
    Feature record: CXX_FEATURE:1cxx_unicode_literals
    Feature record: CXX_FEATURE:1cxx_uniform_initialization
    Feature record: CXX_FEATURE:1cxx_unrestricted_unions
    Feature record: CXX_FEATURE:1cxx_user_literals
    Feature record: CXX_FEATURE:1cxx_variable_templates
    Feature record: CXX_FEATURE:1cxx_variadic_macros
    Feature record: CXX_FEATURE:1cxx_variadic_templates


Detecting CXX [-std=c++14] compiler features compiled with the following output:
Change Dir: /home/user/cbmdir/kfparticlesimple/build/CMakeFiles/CMakeTmp

Run Build Command:"/usr/bin/make" "cmTC_1da3d/fast"
/usr/bin/make -f CMakeFiles/cmTC_1da3d.dir/build.make CMakeFiles/cmTC_1da3d.dir/build
make[1]: вход в каталог «/home/user/cbmdir/kfparticlesimple/build/CMakeFiles/CMakeTmp»
Building CXX object CMakeFiles/cmTC_1da3d.dir/feature_tests.cxx.o
/usr/bin/c++    -std=c++14 -o CMakeFiles/cmTC_1da3d.dir/feature_tests.cxx.o -c /home/user/cbmdir/kfparticlesimple/build/CMakeFiles/feature_tests.cxx
Linking CXX executable cmTC_1da3d
/usr/local/bin/cmake -E cmake_link_script CMakeFiles/cmTC_1da3d.dir/link.txt --verbose=1
/usr/bin/c++       -rdynamic CMakeFiles/cmTC_1da3d.dir/feature_tests.cxx.o  -o cmTC_1da3d 
make[1]: выход из каталога «/home/user/cbmdir/kfparticlesimple/build/CMakeFiles/CMakeTmp»


    Feature record: CXX_FEATURE:1cxx_aggregate_default_initializers
    Feature record: CXX_FEATURE:1cxx_alias_templates
    Feature record: CXX_FEATURE:1cxx_alignas
    Feature record: CXX_FEATURE:1cxx_alignof
    Feature record: CXX_FEATURE:1cxx_attributes
    Feature record: CXX_FEATURE:1cxx_attribute_deprecated
    Feature record: CXX_FEATURE:1cxx_auto_type
    Feature record: CXX_FEATURE:1cxx_binary_literals
    Feature record: CXX_FEATURE:1cxx_constexpr
    Feature record: CXX_FEATURE:1cxx_contextual_conversions
    Feature record: CXX_FEATURE:1cxx_decltype
    Feature record: CXX_FEATURE:1cxx_decltype_auto
    Feature record: CXX_FEATURE:1cxx_decltype_incomplete_return_types
    Feature record: CXX_FEATURE:1cxx_default_function_template_args
    Feature record: CXX_FEATURE:1cxx_defaulted_functions
    Feature record: CXX_FEATURE:1cxx_defaulted_move_initializers
    Feature record: CXX_FEATURE:1cxx_delegating_constructors
    Feature record: CXX_FEATURE:1cxx_deleted_functions
    Feature record: CXX_FEATURE:1cxx_digit_separators
    Feature record: CXX_FEATURE:1cxx_enum_forward_declarations
    Feature record: CXX_FEATURE:1cxx_explicit_conversions
    Feature record: CXX_FEATURE:1cxx_extended_friend_declarations
    Feature record: CXX_FEATURE:1cxx_extern_templates
    Feature record: CXX_FEATURE:1cxx_final
    Feature record: CXX_FEATURE:1cxx_func_identifier
    Feature record: CXX_FEATURE:1cxx_generalized_initializers
    Feature record: CXX_FEATURE:1cxx_generic_lambdas
    Feature record: CXX_FEATURE:1cxx_inheriting_constructors
    Feature record: CXX_FEATURE:1cxx_inline_namespaces
    Feature record: CXX_FEATURE:1cxx_lambdas
    Feature record: CXX_FEATURE:1cxx_lambda_init_captures
    Feature record: CXX_FEATURE:1cxx_local_type_template_args
    Feature record: CXX_FEATURE:1cxx_long_long_type
    Feature record: CXX_FEATURE:1cxx_noexcept
    Feature record: CXX_FEATURE:1cxx_nonstatic_member_init
    Feature record: CXX_FEATURE:1cxx_nullptr
    Feature record: CXX_FEATURE:1cxx_override
    Feature record: CXX_FEATURE:1cxx_range_for
    Feature record: CXX_FEATURE:1cxx_raw_string_literals
    Feature record: CXX_FEATURE:1cxx_reference_qualified_functions
    Feature record: CXX_FEATURE:1cxx_relaxed_constexpr
    Feature record: CXX_FEATURE:1cxx_return_type_deduction
    Feature record: CXX_FEATURE:1cxx_right_angle_brackets
    Feature record: CXX_FEATURE:1cxx_rvalue_references
    Feature record: CXX_FEATURE:1cxx_sizeof_member
    Feature record: CXX_FEATURE:1cxx_static_assert
    Feature record: CXX_FEATURE:1cxx_strong_enums
    Feature record: CXX_FEATURE:1cxx_template_template_parameters
    Feature record: CXX_FEATURE:1cxx_thread_local
    Feature record: CXX_FEATURE:1cxx_trailing_return_types
    Feature record: CXX_FEATURE:1cxx_unicode_literals
    Feature record: CXX_FEATURE:1cxx_uniform_initialization
    Feature record: CXX_FEATURE:1cxx_unrestricted_unions
    Feature record: CXX_FEATURE:1cxx_user_literals
    Feature record: CXX_FEATURE:1cxx_variable_templates
    Feature record: CXX_FEATURE:1cxx_variadic_macros
    Feature record: CXX_FEATURE:1cxx_variadic_templates


Detecting CXX [-std=c++11] compiler features compiled with the following output:
Change Dir: /home/user/cbmdir/kfparticlesimple/build/CMakeFiles/CMakeTmp

Run Build Command:"/usr/bin/make" "cmTC_bd1e6/fast"
/usr/bin/make -f CMakeFiles/cmTC_bd1e6.dir/build.make CMakeFiles/cmTC_bd1e6.dir/build
make[1]: вход в каталог «/home/user/cbmdir/kfparticlesimple/build/CMakeFiles/CMakeTmp»
Building CXX object CMakeFiles/cmTC_bd1e6.dir/feature_tests.cxx.o
/usr/bin/c++    -std=c++11 -o CMakeFiles/cmTC_bd1e6.dir/feature_tests.cxx.o -c /home/user/cbmdir/kfparticlesimple/build/CMakeFiles/feature_tests.cxx
Linking CXX executable cmTC_bd1e6
/usr/local/bin/cmake -E cmake_link_script CMakeFiles/cmTC_bd1e6.dir/link.txt --verbose=1
/usr/bin/c++       -rdynamic CMakeFiles/cmTC_bd1e6.dir/feature_tests.cxx.o  -o cmTC_bd1e6 
make[1]: выход из каталога «/home/user/cbmdir/kfparticlesimple/build/CMakeFiles/CMakeTmp»


    Feature record: CXX_FEATURE:0cxx_aggregate_default_initializers
    Feature record: CXX_FEATURE:1cxx_alias_templates
    Feature record: CXX_FEATURE:1cxx_alignas
    Feature record: CXX_FEATURE:1cxx_alignof
    Feature record: CXX_FEATURE:1cxx_attributes
    Feature record: CXX_FEATURE:0cxx_attribute_deprecated
    Feature record: CXX_FEATURE:1cxx_auto_type
    Feature record: CXX_FEATURE:0cxx_binary_literals
    Feature record: CXX_FEATURE:1cxx_constexpr
    Feature record: CXX_FEATURE:0cxx_contextual_conversions
    Feature record: CXX_FEATURE:1cxx_decltype
    Feature record: CXX_FEATURE:0cxx_decltype_auto
    Feature record: CXX_FEATURE:1cxx_decltype_incomplete_return_types
    Feature record: CXX_FEATURE:1cxx_default_function_template_args
    Feature record: CXX_FEATURE:1cxx_defaulted_functions
    Feature record: CXX_FEATURE:1cxx_defaulted_move_initializers
    Feature record: CXX_FEATURE:1cxx_delegating_constructors
    Feature record: CXX_FEATURE:1cxx_deleted_functions
    Feature record: CXX_FEATURE:0cxx_digit_separators
    Feature record: CXX_FEATURE:1cxx_enum_forward_declarations
    Feature record: CXX_FEATURE:1cxx_explicit_conversions
    Feature record: CXX_FEATURE:1cxx_extended_friend_declarations
    Feature record: CXX_FEATURE:1cxx_extern_templates
    Feature record: CXX_FEATURE:1cxx_final
    Feature record: CXX_FEATURE:1cxx_func_identifier
    Feature record: CXX_FEATURE:1cxx_generalized_initializers
    Feature record: CXX_FEATURE:0cxx_generic_lambdas
    Feature record: CXX_FEATURE:1cxx_inheriting_constructors
    Feature record: CXX_FEATURE:1cxx_inline_namespaces
    Feature record: CXX_FEATURE:1cxx_lambdas
    Feature record: CXX_FEATURE:0cxx_lambda_init_captures
    Feature record: CXX_FEATURE:1cxx_local_type_template_args
    Feature record: CXX_FEATURE:1cxx_long_long_type
    Feature record: CXX_FEATURE:1cxx_noexcept
    Feature record: CXX_FEATURE:1cxx_nonstatic_member_init
    Feature record: CXX_FEATURE:1cxx_nullptr
    Feature record: CXX_FEATURE:1cxx_override
    Feature record: CXX_FEATURE:1cxx_range_for
    Feature record: CXX_FEATURE:1cxx_raw_string_literals
    Feature record: CXX_FEATURE:1cxx_reference_qualified_functions
    Feature record: CXX_FEATURE:0cxx_relaxed_constexpr
    Feature record: CXX_FEATURE:0cxx_return_type_deduction
    Feature record: CXX_FEATURE:1cxx_right_angle_brackets
    Feature record: CXX_FEATURE:1cxx_rvalue_references
    Feature record: CXX_FEATURE:1cxx_sizeof_member
    Feature record: CXX_FEATURE:1cxx_static_assert
    Feature record: CXX_FEATURE:1cxx_strong_enums
    Feature record: CXX_FEATURE:1cxx_template_template_parameters
    Feature record: CXX_FEATURE:1cxx_thread_local
    Feature record: CXX_FEATURE:1cxx_trailing_return_types
    Feature record: CXX_FEATURE:1cxx_unicode_literals
    Feature record: CXX_FEATURE:1cxx_uniform_initialization
    Feature record: CXX_FEATURE:1cxx_unrestricted_unions
    Feature record: CXX_FEATURE:1cxx_user_literals
    Feature record: CXX_FEATURE:0cxx_variable_templates
    Feature record: CXX_FEATURE:1cxx_variadic_macros
    Feature record: CXX_FEATURE:1cxx_variadic_templates


Detecting CXX [-std=c++98] compiler features compiled with the following output:
Change Dir: /home/user/cbmdir/kfparticlesimple/build/CMakeFiles/CMakeTmp

Run Build Command:"/usr/bin/make" "cmTC_93ba5/fast"
/usr/bin/make -f CMakeFiles/cmTC_93ba5.dir/build.make CMakeFiles/cmTC_93ba5.dir/build
make[1]: вход в каталог «/home/user/cbmdir/kfparticlesimple/build/CMakeFiles/CMakeTmp»
Building CXX object CMakeFiles/cmTC_93ba5.dir/feature_tests.cxx.o
/usr/bin/c++    -std=c++98 -o CMakeFiles/cmTC_93ba5.dir/feature_tests.cxx.o -c /home/user/cbmdir/kfparticlesimple/build/CMakeFiles/feature_tests.cxx
Linking CXX executable cmTC_93ba5
/usr/local/bin/cmake -E cmake_link_script CMakeFiles/cmTC_93ba5.dir/link.txt --verbose=1
/usr/bin/c++       -rdynamic CMakeFiles/cmTC_93ba5.dir/feature_tests.cxx.o  -o cmTC_93ba5 
make[1]: выход из каталога «/home/user/cbmdir/kfparticlesimple/build/CMakeFiles/CMakeTmp»


    Feature record: CXX_FEATURE:0cxx_aggregate_default_initializers
    Feature record: CXX_FEATURE:0cxx_alias_templates
    Feature record: CXX_FEATURE:0cxx_alignas
    Feature record: CXX_FEATURE:0cxx_alignof
    Feature record: CXX_FEATURE:0cxx_attributes
    Feature record: CXX_FEATURE:0cxx_attribute_deprecated
    Feature record: CXX_FEATURE:0cxx_auto_type
    Feature record: CXX_FEATURE:0cxx_binary_literals
    Feature record: CXX_FEATURE:0cxx_constexpr
    Feature record: CXX_FEATURE:0cxx_contextual_conversions
    Feature record: CXX_FEATURE:0cxx_decltype
    Feature record: CXX_FEATURE:0cxx_decltype_auto
    Feature record: CXX_FEATURE:0cxx_decltype_incomplete_return_types
    Feature record: CXX_FEATURE:0cxx_default_function_template_args
    Feature record: CXX_FEATURE:0cxx_defaulted_functions
    Feature record: CXX_FEATURE:0cxx_defaulted_move_initializers
    Feature record: CXX_FEATURE:0cxx_delegating_constructors
    Feature record: CXX_FEATURE:0cxx_deleted_functions
    Feature record: CXX_FEATURE:0cxx_digit_separators
    Feature record: CXX_FEATURE:0cxx_enum_forward_declarations
    Feature record: CXX_FEATURE:0cxx_explicit_conversions
    Feature record: CXX_FEATURE:0cxx_extended_friend_declarations
    Feature record: CXX_FEATURE:0cxx_extern_templates
    Feature record: CXX_FEATURE:0cxx_final
    Feature record: CXX_FEATURE:0cxx_func_identifier
    Feature record: CXX_FEATURE:0cxx_generalized_initializers
    Feature record: CXX_FEATURE:0cxx_generic_lambdas
    Feature record: CXX_FEATURE:0cxx_inheriting_constructors
    Feature record: CXX_FEATURE:0cxx_inline_namespaces
    Feature record: CXX_FEATURE:0cxx_lambdas
    Feature record: CXX_FEATURE:0cxx_lambda_init_captures
    Feature record: CXX_FEATURE:0cxx_local_type_template_args
    Feature record: CXX_FEATURE:0cxx_long_long_type
    Feature record: CXX_FEATURE:0cxx_noexcept
    Feature record: CXX_FEATURE:0cxx_nonstatic_member_init
    Feature record: CXX_FEATURE:0cxx_nullptr
    Feature record: CXX_FEATURE:0cxx_override
    Feature record: CXX_FEATURE:0cxx_range_for
    Feature record: CXX_FEATURE:0cxx_raw_string_literals
    Feature record: CXX_FEATURE:0cxx_reference_qualified_functions
    Feature record: CXX_FEATURE:0cxx_relaxed_constexpr
    Feature record: CXX_FEATURE:0cxx_return_type_deduction
    Feature record: CXX_FEATURE:0cxx_right_angle_brackets
    Feature record: CXX_FEATURE:0cxx_rvalue_references
    Feature record: CXX_FEATURE:0cxx_sizeof_member
    Feature record: CXX_FEATURE:0cxx_static_assert
    Feature record: CXX_FEATURE:0cxx_strong_enums
    Feature record: CXX_FEATURE:1cxx_template_template_parameters
    Feature record: CXX_FEATURE:0cxx_thread_local
    Feature record: CXX_FEATURE:0cxx_trailing_return_types
    Feature record: CXX_FEATURE:0cxx_unicode_literals
    Feature record: CXX_FEATURE:0cxx_uniform_initialization
    Feature record: CXX_FEATURE:0cxx_unrestricted_unions
    Feature record: CXX_FEATURE:0cxx_user_literals
    Feature record: CXX_FEATURE:0cxx_variable_templates
    Feature record: CXX_FEATURE:0cxx_variadic_macros
    Feature record: CXX_FEATURE:0cxx_variadic_templates
Performing C++ SOURCE FILE Test Vc_HAVE_SSE_SINCOS succeeded with the following output:
Change Dir: /home/user/cbmdir/kfparticlesimple/build/CMakeFiles/CMakeTmp

Run Build Command:"/usr/bin/make" "cmTC_4d20d/fast"
/usr/bin/make -f CMakeFiles/cmTC_4d20d.dir/build.make CMakeFiles/cmTC_4d20d.dir/build
make[1]: вход в каталог «/home/user/cbmdir/kfparticlesimple/build/CMakeFiles/CMakeTmp»
Building CXX object CMakeFiles/cmTC_4d20d.dir/src.cxx.o
/usr/bin/c++    -DVc_HAVE_SSE_SINCOS   -o CMakeFiles/cmTC_4d20d.dir/src.cxx.o -c /home/user/cbmdir/kfparticlesimple/build/CMakeFiles/CMakeTmp/src.cxx
Linking CXX executable cmTC_4d20d
/usr/local/bin/cmake -E cmake_link_script CMakeFiles/cmTC_4d20d.dir/link.txt --verbose=1
/usr/bin/c++   -DVc_HAVE_SSE_SINCOS    -rdynamic CMakeFiles/cmTC_4d20d.dir/src.cxx.o  -o cmTC_4d20d /usr/lib/x86_64-linux-gnu/libmvec.so 
make[1]: выход из каталога «/home/user/cbmdir/kfparticlesimple/build/CMakeFiles/CMakeTmp»

Source file was:

#include <x86intrin.h>
extern "C" {
__m128 _ZGVbN4v_sinf(__m128);
__m128d _ZGVbN2v_sin(__m128d);
__m128 _ZGVbN4v_cosf(__m128);
__m128d _ZGVbN2v_cos(__m128d);
}

__m128  f0(__m128  x) { return _ZGVbN4v_cosf(_ZGVbN4v_sinf(x)); }
__m128d f1(__m128d x) { return _ZGVbN2v_cos(_ZGVbN2v_sin(x)); }
int main() { return 0; }

Performing C++ SOURCE FILE Test Vc_HAVE_AVX_SINCOS succeeded with the following output:
Change Dir: /home/user/cbmdir/kfparticlesimple/build/CMakeFiles/CMakeTmp

Run Build Command:"/usr/bin/make" "cmTC_0c394/fast"
/usr/bin/make -f CMakeFiles/cmTC_0c394.dir/build.make CMakeFiles/cmTC_0c394.dir/build
make[1]: вход в каталог «/home/user/cbmdir/kfparticlesimple/build/CMakeFiles/CMakeTmp»
Building CXX object CMakeFiles/cmTC_0c394.dir/src.cxx.o
/usr/bin/c++    -DVc_HAVE_AVX_SINCOS   -o CMakeFiles/cmTC_0c394.dir/src.cxx.o -c /home/user/cbmdir/kfparticlesimple/build/CMakeFiles/CMakeTmp/src.cxx
/home/user/cbmdir/kfparticlesimple/build/CMakeFiles/CMakeTmp/src.cxx: In function ‘__m256 f0(__m256)’:
/home/user/cbmdir/kfparticlesimple/build/CMakeFiles/CMakeTmp/src.cxx:10:21: warning: AVX vector return without AVX enabled changes the ABI [-Wpsabi]
 __m256  f0(__m256  x) { return _ZGVdN8v_cosf(_ZGVdN8v_sinf(x)); }
                     ^
/home/user/cbmdir/kfparticlesimple/build/CMakeFiles/CMakeTmp/src.cxx:10:9: note: The ABI for passing parameters with 32-byte alignment has changed in GCC 4.6
 __m256  f0(__m256  x) { return _ZGVdN8v_cosf(_ZGVdN8v_sinf(x)); }
         ^~
/home/user/cbmdir/kfparticlesimple/build/CMakeFiles/CMakeTmp/src.cxx:10:9: warning: AVX vector argument without AVX enabled changes the ABI [-Wpsabi]
Linking CXX executable cmTC_0c394
/usr/local/bin/cmake -E cmake_link_script CMakeFiles/cmTC_0c394.dir/link.txt --verbose=1
/usr/bin/c++   -DVc_HAVE_AVX_SINCOS    -rdynamic CMakeFiles/cmTC_0c394.dir/src.cxx.o  -o cmTC_0c394 /usr/lib/x86_64-linux-gnu/libmvec.so 
make[1]: выход из каталога «/home/user/cbmdir/kfparticlesimple/build/CMakeFiles/CMakeTmp»

Source file was:

#include <x86intrin.h>
extern "C" {
__m256 _ZGVdN8v_sinf(__m256);
__m256d _ZGVdN4v_sin(__m256d);
__m256 _ZGVdN8v_cosf(__m256);
__m256d _ZGVdN4v_cos(__m256d);
}

__m256  f0(__m256  x) { return _ZGVdN8v_cosf(_ZGVdN8v_sinf(x)); }
__m256d f1(__m256d x) { return _ZGVdN4v_cos(_ZGVdN4v_sin(x)); }
int main() { return 0; }

Performing C++ SOURCE FILE Test check_cxx_compiler_flag__Wabi succeeded with the following output:
Change Dir: /home/user/cbmdir/kfparticlesimple/build/CMakeFiles/CMakeTmp

Run Build Command:"/usr/bin/make" "cmTC_c9321/fast"
/usr/bin/make -f CMakeFiles/cmTC_c9321.dir/build.make CMakeFiles/cmTC_c9321.dir/build
make[1]: вход в каталог «/home/user/cbmdir/kfparticlesimple/build/CMakeFiles/CMakeTmp»
Building CXX object CMakeFiles/cmTC_c9321.dir/src.cxx.o
/usr/bin/c++    -Dcheck_cxx_compiler_flag__Wabi   -Wabi -o CMakeFiles/cmTC_c9321.dir/src.cxx.o -c /home/user/cbmdir/kfparticlesimple/build/CMakeFiles/CMakeTmp/src.cxx
Linking CXX executable cmTC_c9321
/usr/local/bin/cmake -E cmake_link_script CMakeFiles/cmTC_c9321.dir/link.txt --verbose=1
/usr/bin/c++   -Dcheck_cxx_compiler_flag__Wabi    -rdynamic CMakeFiles/cmTC_c9321.dir/src.cxx.o  -o cmTC_c9321 
make[1]: выход из каталога «/home/user/cbmdir/kfparticlesimple/build/CMakeFiles/CMakeTmp»

Source file was:
#include <cstdio>
      int main() { return 0; }
Performing C++ SOURCE FILE Test check_cxx_compiler_flag__fabi_version_0 succeeded with the following output:
Change Dir: /home/user/cbmdir/kfparticlesimple/build/CMakeFiles/CMakeTmp

Run Build Command:"/usr/bin/make" "cmTC_ef221/fast"
/usr/bin/make -f CMakeFiles/cmTC_ef221.dir/build.make CMakeFiles/cmTC_ef221.dir/build
make[1]: вход в каталог «/home/user/cbmdir/kfparticlesimple/build/CMakeFiles/CMakeTmp»
Building CXX object CMakeFiles/cmTC_ef221.dir/src.cxx.o
/usr/bin/c++    -Dcheck_cxx_compiler_flag__fabi_version_0   -fabi-version=0 -o CMakeFiles/cmTC_ef221.dir/src.cxx.o -c /home/user/cbmdir/kfparticlesimple/build/CMakeFiles/CMakeTmp/src.cxx
Linking CXX executable cmTC_ef221
/usr/local/bin/cmake -E cmake_link_script CMakeFiles/cmTC_ef221.dir/link.txt --verbose=1
/usr/bin/c++   -Dcheck_cxx_compiler_flag__fabi_version_0    -rdynamic CMakeFiles/cmTC_ef221.dir/src.cxx.o  -o cmTC_ef221 
make[1]: выход из каталога «/home/user/cbmdir/kfparticlesimple/build/CMakeFiles/CMakeTmp»

Source file was:
#include <cstdio>
      int main() { return 0; }
Performing C++ SOURCE FILE Test check_cxx_compiler_flag__fabi_compat_version_0 succeeded with the following output:
Change Dir: /home/user/cbmdir/kfparticlesimple/build/CMakeFiles/CMakeTmp

Run Build Command:"/usr/bin/make" "cmTC_5a5f8/fast"
/usr/bin/make -f CMakeFiles/cmTC_5a5f8.dir/build.make CMakeFiles/cmTC_5a5f8.dir/build
make[1]: вход в каталог «/home/user/cbmdir/kfparticlesimple/build/CMakeFiles/CMakeTmp»
Building CXX object CMakeFiles/cmTC_5a5f8.dir/src.cxx.o
/usr/bin/c++    -Dcheck_cxx_compiler_flag__fabi_compat_version_0   -fabi-compat-version=0 -o CMakeFiles/cmTC_5a5f8.dir/src.cxx.o -c /home/user/cbmdir/kfparticlesimple/build/CMakeFiles/CMakeTmp/src.cxx
Linking CXX executable cmTC_5a5f8
/usr/local/bin/cmake -E cmake_link_script CMakeFiles/cmTC_5a5f8.dir/link.txt --verbose=1
/usr/bin/c++   -Dcheck_cxx_compiler_flag__fabi_compat_version_0    -rdynamic CMakeFiles/cmTC_5a5f8.dir/src.cxx.o  -o cmTC_5a5f8 
make[1]: выход из каталога «/home/user/cbmdir/kfparticlesimple/build/CMakeFiles/CMakeTmp»

Source file was:
#include <cstdio>
      int main() { return 0; }
Performing C++ SOURCE FILE Test check_cxx_compiler_flag__ffp_contract_fast succeeded with the following output:
Change Dir: /home/user/cbmdir/kfparticlesimple/build/CMakeFiles/CMakeTmp

Run Build Command:"/usr/bin/make" "cmTC_059a2/fast"
/usr/bin/make -f CMakeFiles/cmTC_059a2.dir/build.make CMakeFiles/cmTC_059a2.dir/build
make[1]: вход в каталог «/home/user/cbmdir/kfparticlesimple/build/CMakeFiles/CMakeTmp»
Building CXX object CMakeFiles/cmTC_059a2.dir/src.cxx.o
/usr/bin/c++    -Dcheck_cxx_compiler_flag__ffp_contract_fast   -ffp-contract=fast -o CMakeFiles/cmTC_059a2.dir/src.cxx.o -c /home/user/cbmdir/kfparticlesimple/build/CMakeFiles/CMakeTmp/src.cxx
Linking CXX executable cmTC_059a2
/usr/local/bin/cmake -E cmake_link_script CMakeFiles/cmTC_059a2.dir/link.txt --verbose=1
/usr/bin/c++   -Dcheck_cxx_compiler_flag__ffp_contract_fast    -rdynamic CMakeFiles/cmTC_059a2.dir/src.cxx.o  -o cmTC_059a2 
make[1]: выход из каталога «/home/user/cbmdir/kfparticlesimple/build/CMakeFiles/CMakeTmp»

Source file was:
#include <cstdio>
      int main() { return 0; }
Performing C++ SOURCE FILE Test check_cxx_compiler_flag__march_ivybridge succeeded with the following output:
Change Dir: /home/user/cbmdir/kfparticlesimple/build/CMakeFiles/CMakeTmp

Run Build Command:"/usr/bin/make" "cmTC_06681/fast"
/usr/bin/make -f CMakeFiles/cmTC_06681.dir/build.make CMakeFiles/cmTC_06681.dir/build
make[1]: вход в каталог «/home/user/cbmdir/kfparticlesimple/build/CMakeFiles/CMakeTmp»
Building CXX object CMakeFiles/cmTC_06681.dir/src.cxx.o
/usr/bin/c++    -Dcheck_cxx_compiler_flag__march_ivybridge   -march=ivybridge -o CMakeFiles/cmTC_06681.dir/src.cxx.o -c /home/user/cbmdir/kfparticlesimple/build/CMakeFiles/CMakeTmp/src.cxx
Linking CXX executable cmTC_06681
/usr/local/bin/cmake -E cmake_link_script CMakeFiles/cmTC_06681.dir/link.txt --verbose=1
/usr/bin/c++   -Dcheck_cxx_compiler_flag__march_ivybridge    -rdynamic CMakeFiles/cmTC_06681.dir/src.cxx.o  -o cmTC_06681 
make[1]: выход из каталога «/home/user/cbmdir/kfparticlesimple/build/CMakeFiles/CMakeTmp»

Source file was:
#include <cstdio>
      int main() { return 0; }
Performing C++ SOURCE FILE Test check_cxx_compiler_flag__msse2 succeeded with the following output:
Change Dir: /home/user/cbmdir/kfparticlesimple/build/CMakeFiles/CMakeTmp

Run Build Command:"/usr/bin/make" "cmTC_db406/fast"
/usr/bin/make -f CMakeFiles/cmTC_db406.dir/build.make CMakeFiles/cmTC_db406.dir/build
make[1]: вход в каталог «/home/user/cbmdir/kfparticlesimple/build/CMakeFiles/CMakeTmp»
Building CXX object CMakeFiles/cmTC_db406.dir/src.cxx.o
/usr/bin/c++    -Dcheck_cxx_compiler_flag__msse2   -msse2 -o CMakeFiles/cmTC_db406.dir/src.cxx.o -c /home/user/cbmdir/kfparticlesimple/build/CMakeFiles/CMakeTmp/src.cxx
Linking CXX executable cmTC_db406
/usr/local/bin/cmake -E cmake_link_script CMakeFiles/cmTC_db406.dir/link.txt --verbose=1
/usr/bin/c++   -Dcheck_cxx_compiler_flag__msse2    -rdynamic CMakeFiles/cmTC_db406.dir/src.cxx.o  -o cmTC_db406 
make[1]: выход из каталога «/home/user/cbmdir/kfparticlesimple/build/CMakeFiles/CMakeTmp»

Source file was:
#include <cstdio>
      int main() { return 0; }
Performing C++ SOURCE FILE Test check_cxx_compiler_flag__msse3 succeeded with the following output:
Change Dir: /home/user/cbmdir/kfparticlesimple/build/CMakeFiles/CMakeTmp

Run Build Command:"/usr/bin/make" "cmTC_26a4d/fast"
/usr/bin/make -f CMakeFiles/cmTC_26a4d.dir/build.make CMakeFiles/cmTC_26a4d.dir/build
make[1]: вход в каталог «/home/user/cbmdir/kfparticlesimple/build/CMakeFiles/CMakeTmp»
Building CXX object CMakeFiles/cmTC_26a4d.dir/src.cxx.o
/usr/bin/c++    -Dcheck_cxx_compiler_flag__msse3   -msse3 -o CMakeFiles/cmTC_26a4d.dir/src.cxx.o -c /home/user/cbmdir/kfparticlesimple/build/CMakeFiles/CMakeTmp/src.cxx
Linking CXX executable cmTC_26a4d
/usr/local/bin/cmake -E cmake_link_script CMakeFiles/cmTC_26a4d.dir/link.txt --verbose=1
/usr/bin/c++   -Dcheck_cxx_compiler_flag__msse3    -rdynamic CMakeFiles/cmTC_26a4d.dir/src.cxx.o  -o cmTC_26a4d 
make[1]: выход из каталога «/home/user/cbmdir/kfparticlesimple/build/CMakeFiles/CMakeTmp»

Source file was:
#include <cstdio>
      int main() { return 0; }
Determining if the include file pmmintrin.h exists passed with the following output:
Change Dir: /home/user/cbmdir/kfparticlesimple/build/CMakeFiles/CMakeTmp

Run Build Command:"/usr/bin/make" "cmTC_0930e/fast"
/usr/bin/make -f CMakeFiles/cmTC_0930e.dir/build.make CMakeFiles/cmTC_0930e.dir/build
make[1]: вход в каталог «/home/user/cbmdir/kfparticlesimple/build/CMakeFiles/CMakeTmp»
Building CXX object CMakeFiles/cmTC_0930e.dir/CheckIncludeFile.cxx.o
/usr/bin/c++    -msse3    -o CMakeFiles/cmTC_0930e.dir/CheckIncludeFile.cxx.o -c /home/user/cbmdir/kfparticlesimple/build/CMakeFiles/CMakeTmp/CheckIncludeFile.cxx
Linking CXX executable cmTC_0930e
/usr/local/bin/cmake -E cmake_link_script CMakeFiles/cmTC_0930e.dir/link.txt --verbose=1
/usr/bin/c++   -msse3     -rdynamic CMakeFiles/cmTC_0930e.dir/CheckIncludeFile.cxx.o  -o cmTC_0930e 
make[1]: выход из каталога «/home/user/cbmdir/kfparticlesimple/build/CMakeFiles/CMakeTmp»


Performing C++ SOURCE FILE Test check_cxx_compiler_flag__mssse3 succeeded with the following output:
Change Dir: /home/user/cbmdir/kfparticlesimple/build/CMakeFiles/CMakeTmp

Run Build Command:"/usr/bin/make" "cmTC_48c71/fast"
/usr/bin/make -f CMakeFiles/cmTC_48c71.dir/build.make CMakeFiles/cmTC_48c71.dir/build
make[1]: вход в каталог «/home/user/cbmdir/kfparticlesimple/build/CMakeFiles/CMakeTmp»
Building CXX object CMakeFiles/cmTC_48c71.dir/src.cxx.o
/usr/bin/c++    -Dcheck_cxx_compiler_flag__mssse3   -mssse3 -o CMakeFiles/cmTC_48c71.dir/src.cxx.o -c /home/user/cbmdir/kfparticlesimple/build/CMakeFiles/CMakeTmp/src.cxx
Linking CXX executable cmTC_48c71
/usr/local/bin/cmake -E cmake_link_script CMakeFiles/cmTC_48c71.dir/link.txt --verbose=1
/usr/bin/c++   -Dcheck_cxx_compiler_flag__mssse3    -rdynamic CMakeFiles/cmTC_48c71.dir/src.cxx.o  -o cmTC_48c71 
make[1]: выход из каталога «/home/user/cbmdir/kfparticlesimple/build/CMakeFiles/CMakeTmp»

Source file was:
#include <cstdio>
      int main() { return 0; }
Determining if the include file tmmintrin.h exists passed with the following output:
Change Dir: /home/user/cbmdir/kfparticlesimple/build/CMakeFiles/CMakeTmp

Run Build Command:"/usr/bin/make" "cmTC_9ef21/fast"
/usr/bin/make -f CMakeFiles/cmTC_9ef21.dir/build.make CMakeFiles/cmTC_9ef21.dir/build
make[1]: вход в каталог «/home/user/cbmdir/kfparticlesimple/build/CMakeFiles/CMakeTmp»
Building CXX object CMakeFiles/cmTC_9ef21.dir/CheckIncludeFile.cxx.o
/usr/bin/c++    -mssse3    -o CMakeFiles/cmTC_9ef21.dir/CheckIncludeFile.cxx.o -c /home/user/cbmdir/kfparticlesimple/build/CMakeFiles/CMakeTmp/CheckIncludeFile.cxx
Linking CXX executable cmTC_9ef21
/usr/local/bin/cmake -E cmake_link_script CMakeFiles/cmTC_9ef21.dir/link.txt --verbose=1
/usr/bin/c++   -mssse3     -rdynamic CMakeFiles/cmTC_9ef21.dir/CheckIncludeFile.cxx.o  -o cmTC_9ef21 
make[1]: выход из каталога «/home/user/cbmdir/kfparticlesimple/build/CMakeFiles/CMakeTmp»


Performing C++ SOURCE FILE Test check_cxx_compiler_flag__msse4_1 succeeded with the following output:
Change Dir: /home/user/cbmdir/kfparticlesimple/build/CMakeFiles/CMakeTmp

Run Build Command:"/usr/bin/make" "cmTC_d2c32/fast"
/usr/bin/make -f CMakeFiles/cmTC_d2c32.dir/build.make CMakeFiles/cmTC_d2c32.dir/build
make[1]: вход в каталог «/home/user/cbmdir/kfparticlesimple/build/CMakeFiles/CMakeTmp»
Building CXX object CMakeFiles/cmTC_d2c32.dir/src.cxx.o
/usr/bin/c++    -Dcheck_cxx_compiler_flag__msse4_1   -msse4.1 -o CMakeFiles/cmTC_d2c32.dir/src.cxx.o -c /home/user/cbmdir/kfparticlesimple/build/CMakeFiles/CMakeTmp/src.cxx
Linking CXX executable cmTC_d2c32
/usr/local/bin/cmake -E cmake_link_script CMakeFiles/cmTC_d2c32.dir/link.txt --verbose=1
/usr/bin/c++   -Dcheck_cxx_compiler_flag__msse4_1    -rdynamic CMakeFiles/cmTC_d2c32.dir/src.cxx.o  -o cmTC_d2c32 
make[1]: выход из каталога «/home/user/cbmdir/kfparticlesimple/build/CMakeFiles/CMakeTmp»

Source file was:
#include <cstdio>
      int main() { return 0; }
Determining if the include file smmintrin.h exists passed with the following output:
Change Dir: /home/user/cbmdir/kfparticlesimple/build/CMakeFiles/CMakeTmp

Run Build Command:"/usr/bin/make" "cmTC_e61f6/fast"
/usr/bin/make -f CMakeFiles/cmTC_e61f6.dir/build.make CMakeFiles/cmTC_e61f6.dir/build
make[1]: вход в каталог «/home/user/cbmdir/kfparticlesimple/build/CMakeFiles/CMakeTmp»
Building CXX object CMakeFiles/cmTC_e61f6.dir/CheckIncludeFile.cxx.o
/usr/bin/c++    -msse4.1    -o CMakeFiles/cmTC_e61f6.dir/CheckIncludeFile.cxx.o -c /home/user/cbmdir/kfparticlesimple/build/CMakeFiles/CMakeTmp/CheckIncludeFile.cxx
Linking CXX executable cmTC_e61f6
/usr/local/bin/cmake -E cmake_link_script CMakeFiles/cmTC_e61f6.dir/link.txt --verbose=1
/usr/bin/c++   -msse4.1     -rdynamic CMakeFiles/cmTC_e61f6.dir/CheckIncludeFile.cxx.o  -o cmTC_e61f6 
make[1]: выход из каталога «/home/user/cbmdir/kfparticlesimple/build/CMakeFiles/CMakeTmp»


Performing C++ SOURCE FILE Test check_cxx_compiler_flag__msse4_2 succeeded with the following output:
Change Dir: /home/user/cbmdir/kfparticlesimple/build/CMakeFiles/CMakeTmp

Run Build Command:"/usr/bin/make" "cmTC_56d31/fast"
/usr/bin/make -f CMakeFiles/cmTC_56d31.dir/build.make CMakeFiles/cmTC_56d31.dir/build
make[1]: вход в каталог «/home/user/cbmdir/kfparticlesimple/build/CMakeFiles/CMakeTmp»
Building CXX object CMakeFiles/cmTC_56d31.dir/src.cxx.o
/usr/bin/c++    -Dcheck_cxx_compiler_flag__msse4_2   -msse4.2 -o CMakeFiles/cmTC_56d31.dir/src.cxx.o -c /home/user/cbmdir/kfparticlesimple/build/CMakeFiles/CMakeTmp/src.cxx
Linking CXX executable cmTC_56d31
/usr/local/bin/cmake -E cmake_link_script CMakeFiles/cmTC_56d31.dir/link.txt --verbose=1
/usr/bin/c++   -Dcheck_cxx_compiler_flag__msse4_2    -rdynamic CMakeFiles/cmTC_56d31.dir/src.cxx.o  -o cmTC_56d31 
make[1]: выход из каталога «/home/user/cbmdir/kfparticlesimple/build/CMakeFiles/CMakeTmp»

Source file was:
#include <cstdio>
      int main() { return 0; }
Performing C++ SOURCE FILE Test check_cxx_compiler_flag__mavx succeeded with the following output:
Change Dir: /home/user/cbmdir/kfparticlesimple/build/CMakeFiles/CMakeTmp

Run Build Command:"/usr/bin/make" "cmTC_4c649/fast"
/usr/bin/make -f CMakeFiles/cmTC_4c649.dir/build.make CMakeFiles/cmTC_4c649.dir/build
make[1]: вход в каталог «/home/user/cbmdir/kfparticlesimple/build/CMakeFiles/CMakeTmp»
Building CXX object CMakeFiles/cmTC_4c649.dir/src.cxx.o
/usr/bin/c++    -Dcheck_cxx_compiler_flag__mavx   -mavx -o CMakeFiles/cmTC_4c649.dir/src.cxx.o -c /home/user/cbmdir/kfparticlesimple/build/CMakeFiles/CMakeTmp/src.cxx
Linking CXX executable cmTC_4c649
/usr/local/bin/cmake -E cmake_link_script CMakeFiles/cmTC_4c649.dir/link.txt --verbose=1
/usr/bin/c++   -Dcheck_cxx_compiler_flag__mavx    -rdynamic CMakeFiles/cmTC_4c649.dir/src.cxx.o  -o cmTC_4c649 
make[1]: выход из каталога «/home/user/cbmdir/kfparticlesimple/build/CMakeFiles/CMakeTmp»

Source file was:
#include <cstdio>
      int main() { return 0; }
Determining if the include file immintrin.h exists passed with the following output:
Change Dir: /home/user/cbmdir/kfparticlesimple/build/CMakeFiles/CMakeTmp

Run Build Command:"/usr/bin/make" "cmTC_48b48/fast"
/usr/bin/make -f CMakeFiles/cmTC_48b48.dir/build.make CMakeFiles/cmTC_48b48.dir/build
make[1]: вход в каталог «/home/user/cbmdir/kfparticlesimple/build/CMakeFiles/CMakeTmp»
Building CXX object CMakeFiles/cmTC_48b48.dir/CheckIncludeFile.cxx.o
/usr/bin/c++    -mavx    -o CMakeFiles/cmTC_48b48.dir/CheckIncludeFile.cxx.o -c /home/user/cbmdir/kfparticlesimple/build/CMakeFiles/CMakeTmp/CheckIncludeFile.cxx
Linking CXX executable cmTC_48b48
/usr/local/bin/cmake -E cmake_link_script CMakeFiles/cmTC_48b48.dir/link.txt --verbose=1
/usr/bin/c++   -mavx     -rdynamic CMakeFiles/cmTC_48b48.dir/CheckIncludeFile.cxx.o  -o cmTC_48b48 
make[1]: выход из каталога «/home/user/cbmdir/kfparticlesimple/build/CMakeFiles/CMakeTmp»


Performing C++ SOURCE FILE Test check_cxx_compiler_flag__mno_sse4a succeeded with the following output:
Change Dir: /home/user/cbmdir/kfparticlesimple/build/CMakeFiles/CMakeTmp

Run Build Command:"/usr/bin/make" "cmTC_e066a/fast"
/usr/bin/make -f CMakeFiles/cmTC_e066a.dir/build.make CMakeFiles/cmTC_e066a.dir/build
make[1]: вход в каталог «/home/user/cbmdir/kfparticlesimple/build/CMakeFiles/CMakeTmp»
Building CXX object CMakeFiles/cmTC_e066a.dir/src.cxx.o
/usr/bin/c++    -Dcheck_cxx_compiler_flag__mno_sse4a   -mno-sse4a -o CMakeFiles/cmTC_e066a.dir/src.cxx.o -c /home/user/cbmdir/kfparticlesimple/build/CMakeFiles/CMakeTmp/src.cxx
Linking CXX executable cmTC_e066a
/usr/local/bin/cmake -E cmake_link_script CMakeFiles/cmTC_e066a.dir/link.txt --verbose=1
/usr/bin/c++   -Dcheck_cxx_compiler_flag__mno_sse4a    -rdynamic CMakeFiles/cmTC_e066a.dir/src.cxx.o  -o cmTC_e066a 
make[1]: выход из каталога «/home/user/cbmdir/kfparticlesimple/build/CMakeFiles/CMakeTmp»

Source file was:
#include <cstdio>
      int main() { return 0; }
Performing C++ SOURCE FILE Test check_cxx_compiler_flag__mno_fma succeeded with the following output:
Change Dir: /home/user/cbmdir/kfparticlesimple/build/CMakeFiles/CMakeTmp

Run Build Command:"/usr/bin/make" "cmTC_86bce/fast"
/usr/bin/make -f CMakeFiles/cmTC_86bce.dir/build.make CMakeFiles/cmTC_86bce.dir/build
make[1]: вход в каталог «/home/user/cbmdir/kfparticlesimple/build/CMakeFiles/CMakeTmp»
Building CXX object CMakeFiles/cmTC_86bce.dir/src.cxx.o
/usr/bin/c++    -Dcheck_cxx_compiler_flag__mno_fma   -mno-fma -o CMakeFiles/cmTC_86bce.dir/src.cxx.o -c /home/user/cbmdir/kfparticlesimple/build/CMakeFiles/CMakeTmp/src.cxx
Linking CXX executable cmTC_86bce
/usr/local/bin/cmake -E cmake_link_script CMakeFiles/cmTC_86bce.dir/link.txt --verbose=1
/usr/bin/c++   -Dcheck_cxx_compiler_flag__mno_fma    -rdynamic CMakeFiles/cmTC_86bce.dir/src.cxx.o  -o cmTC_86bce 
make[1]: выход из каталога «/home/user/cbmdir/kfparticlesimple/build/CMakeFiles/CMakeTmp»

Source file was:
#include <cstdio>
      int main() { return 0; }
Performing C++ SOURCE FILE Test check_cxx_compiler_flag__mno_bmi2 succeeded with the following output:
Change Dir: /home/user/cbmdir/kfparticlesimple/build/CMakeFiles/CMakeTmp

Run Build Command:"/usr/bin/make" "cmTC_41046/fast"
/usr/bin/make -f CMakeFiles/cmTC_41046.dir/build.make CMakeFiles/cmTC_41046.dir/build
make[1]: вход в каталог «/home/user/cbmdir/kfparticlesimple/build/CMakeFiles/CMakeTmp»
Building CXX object CMakeFiles/cmTC_41046.dir/src.cxx.o
/usr/bin/c++    -Dcheck_cxx_compiler_flag__mno_bmi2   -mno-bmi2 -o CMakeFiles/cmTC_41046.dir/src.cxx.o -c /home/user/cbmdir/kfparticlesimple/build/CMakeFiles/CMakeTmp/src.cxx
Linking CXX executable cmTC_41046
/usr/local/bin/cmake -E cmake_link_script CMakeFiles/cmTC_41046.dir/link.txt --verbose=1
/usr/bin/c++   -Dcheck_cxx_compiler_flag__mno_bmi2    -rdynamic CMakeFiles/cmTC_41046.dir/src.cxx.o  -o cmTC_41046 
make[1]: выход из каталога «/home/user/cbmdir/kfparticlesimple/build/CMakeFiles/CMakeTmp»

Source file was:
#include <cstdio>
      int main() { return 0; }
Performing C++ SOURCE FILE Test check_cxx_compiler_flag__mno_avx2 succeeded with the following output:
Change Dir: /home/user/cbmdir/kfparticlesimple/build/CMakeFiles/CMakeTmp

Run Build Command:"/usr/bin/make" "cmTC_2a67c/fast"
/usr/bin/make -f CMakeFiles/cmTC_2a67c.dir/build.make CMakeFiles/cmTC_2a67c.dir/build
make[1]: вход в каталог «/home/user/cbmdir/kfparticlesimple/build/CMakeFiles/CMakeTmp»
Building CXX object CMakeFiles/cmTC_2a67c.dir/src.cxx.o
/usr/bin/c++    -Dcheck_cxx_compiler_flag__mno_avx2   -mno-avx2 -o CMakeFiles/cmTC_2a67c.dir/src.cxx.o -c /home/user/cbmdir/kfparticlesimple/build/CMakeFiles/CMakeTmp/src.cxx
Linking CXX executable cmTC_2a67c
/usr/local/bin/cmake -E cmake_link_script CMakeFiles/cmTC_2a67c.dir/link.txt --verbose=1
/usr/bin/c++   -Dcheck_cxx_compiler_flag__mno_avx2    -rdynamic CMakeFiles/cmTC_2a67c.dir/src.cxx.o  -o cmTC_2a67c 
make[1]: выход из каталога «/home/user/cbmdir/kfparticlesimple/build/CMakeFiles/CMakeTmp»

Source file was:
#include <cstdio>
      int main() { return 0; }
Performing C++ SOURCE FILE Test check_cxx_compiler_flag__mno_xop succeeded with the following output:
Change Dir: /home/user/cbmdir/kfparticlesimple/build/CMakeFiles/CMakeTmp

Run Build Command:"/usr/bin/make" "cmTC_d0ada/fast"
/usr/bin/make -f CMakeFiles/cmTC_d0ada.dir/build.make CMakeFiles/cmTC_d0ada.dir/build
make[1]: вход в каталог «/home/user/cbmdir/kfparticlesimple/build/CMakeFiles/CMakeTmp»
Building CXX object CMakeFiles/cmTC_d0ada.dir/src.cxx.o
/usr/bin/c++    -Dcheck_cxx_compiler_flag__mno_xop   -mno-xop -o CMakeFiles/cmTC_d0ada.dir/src.cxx.o -c /home/user/cbmdir/kfparticlesimple/build/CMakeFiles/CMakeTmp/src.cxx
Linking CXX executable cmTC_d0ada
/usr/local/bin/cmake -E cmake_link_script CMakeFiles/cmTC_d0ada.dir/link.txt --verbose=1
/usr/bin/c++   -Dcheck_cxx_compiler_flag__mno_xop    -rdynamic CMakeFiles/cmTC_d0ada.dir/src.cxx.o  -o cmTC_d0ada 
make[1]: выход из каталога «/home/user/cbmdir/kfparticlesimple/build/CMakeFiles/CMakeTmp»

Source file was:
#include <cstdio>
      int main() { return 0; }
Performing C++ SOURCE FILE Test check_cxx_compiler_flag__mno_fma4 succeeded with the following output:
Change Dir: /home/user/cbmdir/kfparticlesimple/build/CMakeFiles/CMakeTmp

Run Build Command:"/usr/bin/make" "cmTC_4927d/fast"
/usr/bin/make -f CMakeFiles/cmTC_4927d.dir/build.make CMakeFiles/cmTC_4927d.dir/build
make[1]: вход в каталог «/home/user/cbmdir/kfparticlesimple/build/CMakeFiles/CMakeTmp»
Building CXX object CMakeFiles/cmTC_4927d.dir/src.cxx.o
/usr/bin/c++    -Dcheck_cxx_compiler_flag__mno_fma4   -mno-fma4 -o CMakeFiles/cmTC_4927d.dir/src.cxx.o -c /home/user/cbmdir/kfparticlesimple/build/CMakeFiles/CMakeTmp/src.cxx
Linking CXX executable cmTC_4927d
/usr/local/bin/cmake -E cmake_link_script CMakeFiles/cmTC_4927d.dir/link.txt --verbose=1
/usr/bin/c++   -Dcheck_cxx_compiler_flag__mno_fma4    -rdynamic CMakeFiles/cmTC_4927d.dir/src.cxx.o  -o cmTC_4927d 
make[1]: выход из каталога «/home/user/cbmdir/kfparticlesimple/build/CMakeFiles/CMakeTmp»

Source file was:
#include <cstdio>
      int main() { return 0; }
Performing C++ SOURCE FILE Test check_cxx_compiler_flag__mno_avx512f succeeded with the following output:
Change Dir: /home/user/cbmdir/kfparticlesimple/build/CMakeFiles/CMakeTmp

Run Build Command:"/usr/bin/make" "cmTC_a2874/fast"
/usr/bin/make -f CMakeFiles/cmTC_a2874.dir/build.make CMakeFiles/cmTC_a2874.dir/build
make[1]: вход в каталог «/home/user/cbmdir/kfparticlesimple/build/CMakeFiles/CMakeTmp»
Building CXX object CMakeFiles/cmTC_a2874.dir/src.cxx.o
/usr/bin/c++    -Dcheck_cxx_compiler_flag__mno_avx512f   -mno-avx512f -o CMakeFiles/cmTC_a2874.dir/src.cxx.o -c /home/user/cbmdir/kfparticlesimple/build/CMakeFiles/CMakeTmp/src.cxx
Linking CXX executable cmTC_a2874
/usr/local/bin/cmake -E cmake_link_script CMakeFiles/cmTC_a2874.dir/link.txt --verbose=1
/usr/bin/c++   -Dcheck_cxx_compiler_flag__mno_avx512f    -rdynamic CMakeFiles/cmTC_a2874.dir/src.cxx.o  -o cmTC_a2874 
make[1]: выход из каталога «/home/user/cbmdir/kfparticlesimple/build/CMakeFiles/CMakeTmp»

Source file was:
#include <cstdio>
      int main() { return 0; }
Performing C++ SOURCE FILE Test check_cxx_compiler_flag__mno_avx512vl succeeded with the following output:
Change Dir: /home/user/cbmdir/kfparticlesimple/build/CMakeFiles/CMakeTmp

Run Build Command:"/usr/bin/make" "cmTC_f97d0/fast"
/usr/bin/make -f CMakeFiles/cmTC_f97d0.dir/build.make CMakeFiles/cmTC_f97d0.dir/build
make[1]: вход в каталог «/home/user/cbmdir/kfparticlesimple/build/CMakeFiles/CMakeTmp»
Building CXX object CMakeFiles/cmTC_f97d0.dir/src.cxx.o
/usr/bin/c++    -Dcheck_cxx_compiler_flag__mno_avx512vl   -mno-avx512vl -o CMakeFiles/cmTC_f97d0.dir/src.cxx.o -c /home/user/cbmdir/kfparticlesimple/build/CMakeFiles/CMakeTmp/src.cxx
Linking CXX executable cmTC_f97d0
/usr/local/bin/cmake -E cmake_link_script CMakeFiles/cmTC_f97d0.dir/link.txt --verbose=1
/usr/bin/c++   -Dcheck_cxx_compiler_flag__mno_avx512vl    -rdynamic CMakeFiles/cmTC_f97d0.dir/src.cxx.o  -o cmTC_f97d0 
make[1]: выход из каталога «/home/user/cbmdir/kfparticlesimple/build/CMakeFiles/CMakeTmp»

Source file was:
#include <cstdio>
      int main() { return 0; }
Performing C++ SOURCE FILE Test check_cxx_compiler_flag__mno_avx512pf succeeded with the following output:
Change Dir: /home/user/cbmdir/kfparticlesimple/build/CMakeFiles/CMakeTmp

Run Build Command:"/usr/bin/make" "cmTC_78747/fast"
/usr/bin/make -f CMakeFiles/cmTC_78747.dir/build.make CMakeFiles/cmTC_78747.dir/build
make[1]: вход в каталог «/home/user/cbmdir/kfparticlesimple/build/CMakeFiles/CMakeTmp»
Building CXX object CMakeFiles/cmTC_78747.dir/src.cxx.o
/usr/bin/c++    -Dcheck_cxx_compiler_flag__mno_avx512pf   -mno-avx512pf -o CMakeFiles/cmTC_78747.dir/src.cxx.o -c /home/user/cbmdir/kfparticlesimple/build/CMakeFiles/CMakeTmp/src.cxx
Linking CXX executable cmTC_78747
/usr/local/bin/cmake -E cmake_link_script CMakeFiles/cmTC_78747.dir/link.txt --verbose=1
/usr/bin/c++   -Dcheck_cxx_compiler_flag__mno_avx512pf    -rdynamic CMakeFiles/cmTC_78747.dir/src.cxx.o  -o cmTC_78747 
make[1]: выход из каталога «/home/user/cbmdir/kfparticlesimple/build/CMakeFiles/CMakeTmp»

Source file was:
#include <cstdio>
      int main() { return 0; }
Performing C++ SOURCE FILE Test check_cxx_compiler_flag__mno_avx512er succeeded with the following output:
Change Dir: /home/user/cbmdir/kfparticlesimple/build/CMakeFiles/CMakeTmp

Run Build Command:"/usr/bin/make" "cmTC_893b8/fast"
/usr/bin/make -f CMakeFiles/cmTC_893b8.dir/build.make CMakeFiles/cmTC_893b8.dir/build
make[1]: вход в каталог «/home/user/cbmdir/kfparticlesimple/build/CMakeFiles/CMakeTmp»
Building CXX object CMakeFiles/cmTC_893b8.dir/src.cxx.o
/usr/bin/c++    -Dcheck_cxx_compiler_flag__mno_avx512er   -mno-avx512er -o CMakeFiles/cmTC_893b8.dir/src.cxx.o -c /home/user/cbmdir/kfparticlesimple/build/CMakeFiles/CMakeTmp/src.cxx
Linking CXX executable cmTC_893b8
/usr/local/bin/cmake -E cmake_link_script CMakeFiles/cmTC_893b8.dir/link.txt --verbose=1
/usr/bin/c++   -Dcheck_cxx_compiler_flag__mno_avx512er    -rdynamic CMakeFiles/cmTC_893b8.dir/src.cxx.o  -o cmTC_893b8 
make[1]: выход из каталога «/home/user/cbmdir/kfparticlesimple/build/CMakeFiles/CMakeTmp»

Source file was:
#include <cstdio>
      int main() { return 0; }
Performing C++ SOURCE FILE Test check_cxx_compiler_flag__mno_avx512cd succeeded with the following output:
Change Dir: /home/user/cbmdir/kfparticlesimple/build/CMakeFiles/CMakeTmp

Run Build Command:"/usr/bin/make" "cmTC_8d3e5/fast"
/usr/bin/make -f CMakeFiles/cmTC_8d3e5.dir/build.make CMakeFiles/cmTC_8d3e5.dir/build
make[1]: вход в каталог «/home/user/cbmdir/kfparticlesimple/build/CMakeFiles/CMakeTmp»
Building CXX object CMakeFiles/cmTC_8d3e5.dir/src.cxx.o
/usr/bin/c++    -Dcheck_cxx_compiler_flag__mno_avx512cd   -mno-avx512cd -o CMakeFiles/cmTC_8d3e5.dir/src.cxx.o -c /home/user/cbmdir/kfparticlesimple/build/CMakeFiles/CMakeTmp/src.cxx
Linking CXX executable cmTC_8d3e5
/usr/local/bin/cmake -E cmake_link_script CMakeFiles/cmTC_8d3e5.dir/link.txt --verbose=1
/usr/bin/c++   -Dcheck_cxx_compiler_flag__mno_avx512cd    -rdynamic CMakeFiles/cmTC_8d3e5.dir/src.cxx.o  -o cmTC_8d3e5 
make[1]: выход из каталога «/home/user/cbmdir/kfparticlesimple/build/CMakeFiles/CMakeTmp»

Source file was:
#include <cstdio>
      int main() { return 0; }
Performing C++ SOURCE FILE Test check_cxx_compiler_flag__mno_avx512dq succeeded with the following output:
Change Dir: /home/user/cbmdir/kfparticlesimple/build/CMakeFiles/CMakeTmp

Run Build Command:"/usr/bin/make" "cmTC_bfd0c/fast"
/usr/bin/make -f CMakeFiles/cmTC_bfd0c.dir/build.make CMakeFiles/cmTC_bfd0c.dir/build
make[1]: вход в каталог «/home/user/cbmdir/kfparticlesimple/build/CMakeFiles/CMakeTmp»
Building CXX object CMakeFiles/cmTC_bfd0c.dir/src.cxx.o
/usr/bin/c++    -Dcheck_cxx_compiler_flag__mno_avx512dq   -mno-avx512dq -o CMakeFiles/cmTC_bfd0c.dir/src.cxx.o -c /home/user/cbmdir/kfparticlesimple/build/CMakeFiles/CMakeTmp/src.cxx
Linking CXX executable cmTC_bfd0c
/usr/local/bin/cmake -E cmake_link_script CMakeFiles/cmTC_bfd0c.dir/link.txt --verbose=1
/usr/bin/c++   -Dcheck_cxx_compiler_flag__mno_avx512dq    -rdynamic CMakeFiles/cmTC_bfd0c.dir/src.cxx.o  -o cmTC_bfd0c 
make[1]: выход из каталога «/home/user/cbmdir/kfparticlesimple/build/CMakeFiles/CMakeTmp»

Source file was:
#include <cstdio>
      int main() { return 0; }
Performing C++ SOURCE FILE Test check_cxx_compiler_flag__mno_avx512bw succeeded with the following output:
Change Dir: /home/user/cbmdir/kfparticlesimple/build/CMakeFiles/CMakeTmp

Run Build Command:"/usr/bin/make" "cmTC_75f5c/fast"
/usr/bin/make -f CMakeFiles/cmTC_75f5c.dir/build.make CMakeFiles/cmTC_75f5c.dir/build
make[1]: вход в каталог «/home/user/cbmdir/kfparticlesimple/build/CMakeFiles/CMakeTmp»
Building CXX object CMakeFiles/cmTC_75f5c.dir/src.cxx.o
/usr/bin/c++    -Dcheck_cxx_compiler_flag__mno_avx512bw   -mno-avx512bw -o CMakeFiles/cmTC_75f5c.dir/src.cxx.o -c /home/user/cbmdir/kfparticlesimple/build/CMakeFiles/CMakeTmp/src.cxx
Linking CXX executable cmTC_75f5c
/usr/local/bin/cmake -E cmake_link_script CMakeFiles/cmTC_75f5c.dir/link.txt --verbose=1
/usr/bin/c++   -Dcheck_cxx_compiler_flag__mno_avx512bw    -rdynamic CMakeFiles/cmTC_75f5c.dir/src.cxx.o  -o cmTC_75f5c 
make[1]: выход из каталога «/home/user/cbmdir/kfparticlesimple/build/CMakeFiles/CMakeTmp»

Source file was:
#include <cstdio>
      int main() { return 0; }
Performing C++ SOURCE FILE Test check_cxx_compiler_flag__mno_avx512ifma succeeded with the following output:
Change Dir: /home/user/cbmdir/kfparticlesimple/build/CMakeFiles/CMakeTmp

Run Build Command:"/usr/bin/make" "cmTC_a8b62/fast"
/usr/bin/make -f CMakeFiles/cmTC_a8b62.dir/build.make CMakeFiles/cmTC_a8b62.dir/build
make[1]: вход в каталог «/home/user/cbmdir/kfparticlesimple/build/CMakeFiles/CMakeTmp»
Building CXX object CMakeFiles/cmTC_a8b62.dir/src.cxx.o
/usr/bin/c++    -Dcheck_cxx_compiler_flag__mno_avx512ifma   -mno-avx512ifma -o CMakeFiles/cmTC_a8b62.dir/src.cxx.o -c /home/user/cbmdir/kfparticlesimple/build/CMakeFiles/CMakeTmp/src.cxx
Linking CXX executable cmTC_a8b62
/usr/local/bin/cmake -E cmake_link_script CMakeFiles/cmTC_a8b62.dir/link.txt --verbose=1
/usr/bin/c++   -Dcheck_cxx_compiler_flag__mno_avx512ifma    -rdynamic CMakeFiles/cmTC_a8b62.dir/src.cxx.o  -o cmTC_a8b62 
make[1]: выход из каталога «/home/user/cbmdir/kfparticlesimple/build/CMakeFiles/CMakeTmp»

Source file was:
#include <cstdio>
      int main() { return 0; }
Performing C++ SOURCE FILE Test check_cxx_compiler_flag__mno_avx512vbmi succeeded with the following output:
Change Dir: /home/user/cbmdir/kfparticlesimple/build/CMakeFiles/CMakeTmp

Run Build Command:"/usr/bin/make" "cmTC_da765/fast"
/usr/bin/make -f CMakeFiles/cmTC_da765.dir/build.make CMakeFiles/cmTC_da765.dir/build
make[1]: вход в каталог «/home/user/cbmdir/kfparticlesimple/build/CMakeFiles/CMakeTmp»
Building CXX object CMakeFiles/cmTC_da765.dir/src.cxx.o
/usr/bin/c++    -Dcheck_cxx_compiler_flag__mno_avx512vbmi   -mno-avx512vbmi -o CMakeFiles/cmTC_da765.dir/src.cxx.o -c /home/user/cbmdir/kfparticlesimple/build/CMakeFiles/CMakeTmp/src.cxx
Linking CXX executable cmTC_da765
/usr/local/bin/cmake -E cmake_link_script CMakeFiles/cmTC_da765.dir/link.txt --verbose=1
/usr/bin/c++   -Dcheck_cxx_compiler_flag__mno_avx512vbmi    -rdynamic CMakeFiles/cmTC_da765.dir/src.cxx.o  -o cmTC_da765 
make[1]: выход из каталога «/home/user/cbmdir/kfparticlesimple/build/CMakeFiles/CMakeTmp»

Source file was:
#include <cstdio>
      int main() { return 0; }
